0 info it worked if it ends with ok
1 verbose cli [ 'node', '/usr/local/bin/npm', 'install' ]
2 info using npm@1.4.28
3 info using node@v0.10.32
4 warn package.json wayfinding_prototype@0.0.8 No repository field.
5 verbose readDependencies using package.json deps
6 verbose install where, deps [ '/Users/jibestreamdeveloper/wayfinding_kiosk',
6 verbose install   [ 'express',
6 verbose install     'gulp',
6 verbose install     'browserify',
6 verbose install     'brfs',
6 verbose install     'gulp-browserify',
6 verbose install     'gulp-json-editor',
6 verbose install     'gulp-sass',
6 verbose install     'gulp-zip',
6 verbose install     'gulp-concat',
6 verbose install     'gulp-ngmin',
6 verbose install     'gulp-plumber',
6 verbose install     'gulp-clean',
6 verbose install     'gulp-jshint',
6 verbose install     'gulp-notify',
6 verbose install     'stringify',
6 verbose install     'gulp-livereload',
6 verbose install     'jshint-stylish',
6 verbose install     'gulp-watch' ] ]
7 info preinstall wayfinding_prototype@0.0.8
8 verbose readDependencies using package.json deps
9 verbose cache add [ 'express@~3.4.x', null ]
10 verbose cache add name=undefined spec="express@~3.4.x" args=["express@~3.4.x",null]
11 verbose parsed url { protocol: null,
11 verbose parsed url   slashes: null,
11 verbose parsed url   auth: null,
11 verbose parsed url   host: null,
11 verbose parsed url   port: null,
11 verbose parsed url   hostname: null,
11 verbose parsed url   hash: null,
11 verbose parsed url   search: null,
11 verbose parsed url   query: null,
11 verbose parsed url   pathname: 'express@~3.4.x',
11 verbose parsed url   path: 'express@~3.4.x',
11 verbose parsed url   href: 'express@~3.4.x' }
12 verbose cache add [ 'gulp@latest', null ]
13 verbose cache add name=undefined spec="gulp@latest" args=["gulp@latest",null]
14 verbose parsed url { protocol: null,
14 verbose parsed url   slashes: null,
14 verbose parsed url   auth: null,
14 verbose parsed url   host: null,
14 verbose parsed url   port: null,
14 verbose parsed url   hostname: null,
14 verbose parsed url   hash: null,
14 verbose parsed url   search: null,
14 verbose parsed url   query: null,
14 verbose parsed url   pathname: 'gulp@latest',
14 verbose parsed url   path: 'gulp@latest',
14 verbose parsed url   href: 'gulp@latest' }
15 verbose cache add [ 'browserify@latest', null ]
16 verbose cache add name=undefined spec="browserify@latest" args=["browserify@latest",null]
17 verbose parsed url { protocol: null,
17 verbose parsed url   slashes: null,
17 verbose parsed url   auth: null,
17 verbose parsed url   host: null,
17 verbose parsed url   port: null,
17 verbose parsed url   hostname: null,
17 verbose parsed url   hash: null,
17 verbose parsed url   search: null,
17 verbose parsed url   query: null,
17 verbose parsed url   pathname: 'browserify@latest',
17 verbose parsed url   path: 'browserify@latest',
17 verbose parsed url   href: 'browserify@latest' }
18 verbose cache add [ 'brfs@latest', null ]
19 verbose cache add name=undefined spec="brfs@latest" args=["brfs@latest",null]
20 verbose parsed url { protocol: null,
20 verbose parsed url   slashes: null,
20 verbose parsed url   auth: null,
20 verbose parsed url   host: null,
20 verbose parsed url   port: null,
20 verbose parsed url   hostname: null,
20 verbose parsed url   hash: null,
20 verbose parsed url   search: null,
20 verbose parsed url   query: null,
20 verbose parsed url   pathname: 'brfs@latest',
20 verbose parsed url   path: 'brfs@latest',
20 verbose parsed url   href: 'brfs@latest' }
21 verbose cache add [ 'gulp-browserify@latest', null ]
22 verbose cache add name=undefined spec="gulp-browserify@latest" args=["gulp-browserify@latest",null]
23 verbose parsed url { protocol: null,
23 verbose parsed url   slashes: null,
23 verbose parsed url   auth: null,
23 verbose parsed url   host: null,
23 verbose parsed url   port: null,
23 verbose parsed url   hostname: null,
23 verbose parsed url   hash: null,
23 verbose parsed url   search: null,
23 verbose parsed url   query: null,
23 verbose parsed url   pathname: 'gulp-browserify@latest',
23 verbose parsed url   path: 'gulp-browserify@latest',
23 verbose parsed url   href: 'gulp-browserify@latest' }
24 verbose cache add name="express" spec="~3.4.x" args=["express","~3.4.x"]
25 verbose parsed url { protocol: null,
25 verbose parsed url   slashes: null,
25 verbose parsed url   auth: null,
25 verbose parsed url   host: null,
25 verbose parsed url   port: null,
25 verbose parsed url   hostname: null,
25 verbose parsed url   hash: null,
25 verbose parsed url   search: null,
25 verbose parsed url   query: null,
25 verbose parsed url   pathname: '~3.4.x',
25 verbose parsed url   path: '~3.4.x',
25 verbose parsed url   href: '~3.4.x' }
26 verbose addNamed [ 'express', '~3.4.x' ]
27 verbose addNamed [ null, '>=3.4.0-0 <3.5.0-0' ]
28 verbose cache add name="gulp" spec="latest" args=["gulp","latest"]
29 verbose parsed url { protocol: null,
29 verbose parsed url   slashes: null,
29 verbose parsed url   auth: null,
29 verbose parsed url   host: null,
29 verbose parsed url   port: null,
29 verbose parsed url   hostname: null,
29 verbose parsed url   hash: null,
29 verbose parsed url   search: null,
29 verbose parsed url   query: null,
29 verbose parsed url   pathname: 'latest',
29 verbose parsed url   path: 'latest',
29 verbose parsed url   href: 'latest' }
30 verbose addNamed [ 'gulp', 'latest' ]
31 verbose addNamed [ null, null ]
32 verbose cache add name="browserify" spec="latest" args=["browserify","latest"]
33 verbose parsed url { protocol: null,
33 verbose parsed url   slashes: null,
33 verbose parsed url   auth: null,
33 verbose parsed url   host: null,
33 verbose parsed url   port: null,
33 verbose parsed url   hostname: null,
33 verbose parsed url   hash: null,
33 verbose parsed url   search: null,
33 verbose parsed url   query: null,
33 verbose parsed url   pathname: 'latest',
33 verbose parsed url   path: 'latest',
33 verbose parsed url   href: 'latest' }
34 verbose addNamed [ 'browserify', 'latest' ]
35 verbose addNamed [ null, null ]
36 verbose cache add name="brfs" spec="latest" args=["brfs","latest"]
37 verbose parsed url { protocol: null,
37 verbose parsed url   slashes: null,
37 verbose parsed url   auth: null,
37 verbose parsed url   host: null,
37 verbose parsed url   port: null,
37 verbose parsed url   hostname: null,
37 verbose parsed url   hash: null,
37 verbose parsed url   search: null,
37 verbose parsed url   query: null,
37 verbose parsed url   pathname: 'latest',
37 verbose parsed url   path: 'latest',
37 verbose parsed url   href: 'latest' }
38 verbose addNamed [ 'brfs', 'latest' ]
39 verbose addNamed [ null, null ]
40 verbose cache add [ 'gulp-json-editor@latest', null ]
41 verbose cache add name=undefined spec="gulp-json-editor@latest" args=["gulp-json-editor@latest",null]
42 verbose parsed url { protocol: null,
42 verbose parsed url   slashes: null,
42 verbose parsed url   auth: null,
42 verbose parsed url   host: null,
42 verbose parsed url   port: null,
42 verbose parsed url   hostname: null,
42 verbose parsed url   hash: null,
42 verbose parsed url   search: null,
42 verbose parsed url   query: null,
42 verbose parsed url   pathname: 'gulp-json-editor@latest',
42 verbose parsed url   path: 'gulp-json-editor@latest',
42 verbose parsed url   href: 'gulp-json-editor@latest' }
43 verbose cache add [ 'gulp-sass@latest', null ]
44 verbose cache add name=undefined spec="gulp-sass@latest" args=["gulp-sass@latest",null]
45 verbose parsed url { protocol: null,
45 verbose parsed url   slashes: null,
45 verbose parsed url   auth: null,
45 verbose parsed url   host: null,
45 verbose parsed url   port: null,
45 verbose parsed url   hostname: null,
45 verbose parsed url   hash: null,
45 verbose parsed url   search: null,
45 verbose parsed url   query: null,
45 verbose parsed url   pathname: 'gulp-sass@latest',
45 verbose parsed url   path: 'gulp-sass@latest',
45 verbose parsed url   href: 'gulp-sass@latest' }
46 verbose cache add name="gulp-browserify" spec="latest" args=["gulp-browserify","latest"]
47 verbose parsed url { protocol: null,
47 verbose parsed url   slashes: null,
47 verbose parsed url   auth: null,
47 verbose parsed url   host: null,
47 verbose parsed url   port: null,
47 verbose parsed url   hostname: null,
47 verbose parsed url   hash: null,
47 verbose parsed url   search: null,
47 verbose parsed url   query: null,
47 verbose parsed url   pathname: 'latest',
47 verbose parsed url   path: 'latest',
47 verbose parsed url   href: 'latest' }
48 verbose addNamed [ 'gulp-browserify', 'latest' ]
49 verbose addNamed [ null, null ]
50 silly lockFile eb92af77-express-3-4-x express@~3.4.x
51 verbose lock express@~3.4.x /Users/jibestreamdeveloper/.npm/eb92af77-express-3-4-x.lock
52 silly lockFile 429e12c1-gulp-latest gulp@latest
53 verbose lock gulp@latest /Users/jibestreamdeveloper/.npm/429e12c1-gulp-latest.lock
54 silly lockFile 97edd6c9-browserify-latest browserify@latest
55 verbose lock browserify@latest /Users/jibestreamdeveloper/.npm/97edd6c9-browserify-latest.lock
56 silly lockFile 45ad4374-brfs-latest brfs@latest
57 verbose lock brfs@latest /Users/jibestreamdeveloper/.npm/45ad4374-brfs-latest.lock
58 silly lockFile b428b71b-gulp-browserify-latest gulp-browserify@latest
59 verbose lock gulp-browserify@latest /Users/jibestreamdeveloper/.npm/b428b71b-gulp-browserify-latest.lock
60 verbose cache add name="gulp-json-editor" spec="latest" args=["gulp-json-editor","latest"]
61 verbose parsed url { protocol: null,
61 verbose parsed url   slashes: null,
61 verbose parsed url   auth: null,
61 verbose parsed url   host: null,
61 verbose parsed url   port: null,
61 verbose parsed url   hostname: null,
61 verbose parsed url   hash: null,
61 verbose parsed url   search: null,
61 verbose parsed url   query: null,
61 verbose parsed url   pathname: 'latest',
61 verbose parsed url   path: 'latest',
61 verbose parsed url   href: 'latest' }
62 verbose addNamed [ 'gulp-json-editor', 'latest' ]
63 verbose addNamed [ null, null ]
64 silly lockFile b033b7f9-gulp-json-editor-latest gulp-json-editor@latest
65 verbose lock gulp-json-editor@latest /Users/jibestreamdeveloper/.npm/b033b7f9-gulp-json-editor-latest.lock
66 verbose cache add [ 'gulp-zip@latest', null ]
67 verbose cache add name=undefined spec="gulp-zip@latest" args=["gulp-zip@latest",null]
68 verbose parsed url { protocol: null,
68 verbose parsed url   slashes: null,
68 verbose parsed url   auth: null,
68 verbose parsed url   host: null,
68 verbose parsed url   port: null,
68 verbose parsed url   hostname: null,
68 verbose parsed url   hash: null,
68 verbose parsed url   search: null,
68 verbose parsed url   query: null,
68 verbose parsed url   pathname: 'gulp-zip@latest',
68 verbose parsed url   path: 'gulp-zip@latest',
68 verbose parsed url   href: 'gulp-zip@latest' }
69 verbose cache add [ 'gulp-concat@latest', null ]
70 verbose cache add name=undefined spec="gulp-concat@latest" args=["gulp-concat@latest",null]
71 verbose parsed url { protocol: null,
71 verbose parsed url   slashes: null,
71 verbose parsed url   auth: null,
71 verbose parsed url   host: null,
71 verbose parsed url   port: null,
71 verbose parsed url   hostname: null,
71 verbose parsed url   hash: null,
71 verbose parsed url   search: null,
71 verbose parsed url   query: null,
71 verbose parsed url   pathname: 'gulp-concat@latest',
71 verbose parsed url   path: 'gulp-concat@latest',
71 verbose parsed url   href: 'gulp-concat@latest' }
72 verbose cache add [ 'gulp-ngmin@latest', null ]
73 verbose cache add name=undefined spec="gulp-ngmin@latest" args=["gulp-ngmin@latest",null]
74 verbose parsed url { protocol: null,
74 verbose parsed url   slashes: null,
74 verbose parsed url   auth: null,
74 verbose parsed url   host: null,
74 verbose parsed url   port: null,
74 verbose parsed url   hostname: null,
74 verbose parsed url   hash: null,
74 verbose parsed url   search: null,
74 verbose parsed url   query: null,
74 verbose parsed url   pathname: 'gulp-ngmin@latest',
74 verbose parsed url   path: 'gulp-ngmin@latest',
74 verbose parsed url   href: 'gulp-ngmin@latest' }
75 verbose cache add [ 'gulp-plumber@latest', null ]
76 verbose cache add name=undefined spec="gulp-plumber@latest" args=["gulp-plumber@latest",null]
77 verbose parsed url { protocol: null,
77 verbose parsed url   slashes: null,
77 verbose parsed url   auth: null,
77 verbose parsed url   host: null,
77 verbose parsed url   port: null,
77 verbose parsed url   hostname: null,
77 verbose parsed url   hash: null,
77 verbose parsed url   search: null,
77 verbose parsed url   query: null,
77 verbose parsed url   pathname: 'gulp-plumber@latest',
77 verbose parsed url   path: 'gulp-plumber@latest',
77 verbose parsed url   href: 'gulp-plumber@latest' }
78 verbose cache add name="gulp-sass" spec="latest" args=["gulp-sass","latest"]
79 verbose parsed url { protocol: null,
79 verbose parsed url   slashes: null,
79 verbose parsed url   auth: null,
79 verbose parsed url   host: null,
79 verbose parsed url   port: null,
79 verbose parsed url   hostname: null,
79 verbose parsed url   hash: null,
79 verbose parsed url   search: null,
79 verbose parsed url   query: null,
79 verbose parsed url   pathname: 'latest',
79 verbose parsed url   path: 'latest',
79 verbose parsed url   href: 'latest' }
80 verbose addNamed [ 'gulp-sass', 'latest' ]
81 verbose addNamed [ null, null ]
82 silly lockFile 631ad4b0-gulp-sass-latest gulp-sass@latest
83 verbose lock gulp-sass@latest /Users/jibestreamdeveloper/.npm/631ad4b0-gulp-sass-latest.lock
84 verbose cache add name="gulp-zip" spec="latest" args=["gulp-zip","latest"]
85 verbose parsed url { protocol: null,
85 verbose parsed url   slashes: null,
85 verbose parsed url   auth: null,
85 verbose parsed url   host: null,
85 verbose parsed url   port: null,
85 verbose parsed url   hostname: null,
85 verbose parsed url   hash: null,
85 verbose parsed url   search: null,
85 verbose parsed url   query: null,
85 verbose parsed url   pathname: 'latest',
85 verbose parsed url   path: 'latest',
85 verbose parsed url   href: 'latest' }
86 verbose addNamed [ 'gulp-zip', 'latest' ]
87 verbose addNamed [ null, null ]
88 silly lockFile 2d12dda5-gulp-zip-latest gulp-zip@latest
89 verbose lock gulp-zip@latest /Users/jibestreamdeveloper/.npm/2d12dda5-gulp-zip-latest.lock
90 verbose cache add name="gulp-concat" spec="latest" args=["gulp-concat","latest"]
91 verbose parsed url { protocol: null,
91 verbose parsed url   slashes: null,
91 verbose parsed url   auth: null,
91 verbose parsed url   host: null,
91 verbose parsed url   port: null,
91 verbose parsed url   hostname: null,
91 verbose parsed url   hash: null,
91 verbose parsed url   search: null,
91 verbose parsed url   query: null,
91 verbose parsed url   pathname: 'latest',
91 verbose parsed url   path: 'latest',
91 verbose parsed url   href: 'latest' }
92 verbose addNamed [ 'gulp-concat', 'latest' ]
93 verbose addNamed [ null, null ]
94 silly lockFile 8bbbbeeb-gulp-concat-latest gulp-concat@latest
95 verbose lock gulp-concat@latest /Users/jibestreamdeveloper/.npm/8bbbbeeb-gulp-concat-latest.lock
96 verbose cache add name="gulp-ngmin" spec="latest" args=["gulp-ngmin","latest"]
97 verbose parsed url { protocol: null,
97 verbose parsed url   slashes: null,
97 verbose parsed url   auth: null,
97 verbose parsed url   host: null,
97 verbose parsed url   port: null,
97 verbose parsed url   hostname: null,
97 verbose parsed url   hash: null,
97 verbose parsed url   search: null,
97 verbose parsed url   query: null,
97 verbose parsed url   pathname: 'latest',
97 verbose parsed url   path: 'latest',
97 verbose parsed url   href: 'latest' }
98 verbose addNamed [ 'gulp-ngmin', 'latest' ]
99 verbose addNamed [ null, null ]
100 silly lockFile 2e316f81-gulp-ngmin-latest gulp-ngmin@latest
101 verbose lock gulp-ngmin@latest /Users/jibestreamdeveloper/.npm/2e316f81-gulp-ngmin-latest.lock
102 verbose cache add name="gulp-plumber" spec="latest" args=["gulp-plumber","latest"]
103 verbose parsed url { protocol: null,
103 verbose parsed url   slashes: null,
103 verbose parsed url   auth: null,
103 verbose parsed url   host: null,
103 verbose parsed url   port: null,
103 verbose parsed url   hostname: null,
103 verbose parsed url   hash: null,
103 verbose parsed url   search: null,
103 verbose parsed url   query: null,
103 verbose parsed url   pathname: 'latest',
103 verbose parsed url   path: 'latest',
103 verbose parsed url   href: 'latest' }
104 verbose addNamed [ 'gulp-plumber', 'latest' ]
105 verbose addNamed [ null, null ]
106 silly lockFile f4956560-gulp-plumber-latest gulp-plumber@latest
107 verbose lock gulp-plumber@latest /Users/jibestreamdeveloper/.npm/f4956560-gulp-plumber-latest.lock
108 verbose cache add [ 'gulp-clean@latest', null ]
109 verbose cache add name=undefined spec="gulp-clean@latest" args=["gulp-clean@latest",null]
110 verbose parsed url { protocol: null,
110 verbose parsed url   slashes: null,
110 verbose parsed url   auth: null,
110 verbose parsed url   host: null,
110 verbose parsed url   port: null,
110 verbose parsed url   hostname: null,
110 verbose parsed url   hash: null,
110 verbose parsed url   search: null,
110 verbose parsed url   query: null,
110 verbose parsed url   pathname: 'gulp-clean@latest',
110 verbose parsed url   path: 'gulp-clean@latest',
110 verbose parsed url   href: 'gulp-clean@latest' }
111 verbose cache add [ 'gulp-jshint@latest', null ]
112 verbose cache add name=undefined spec="gulp-jshint@latest" args=["gulp-jshint@latest",null]
113 verbose parsed url { protocol: null,
113 verbose parsed url   slashes: null,
113 verbose parsed url   auth: null,
113 verbose parsed url   host: null,
113 verbose parsed url   port: null,
113 verbose parsed url   hostname: null,
113 verbose parsed url   hash: null,
113 verbose parsed url   search: null,
113 verbose parsed url   query: null,
113 verbose parsed url   pathname: 'gulp-jshint@latest',
113 verbose parsed url   path: 'gulp-jshint@latest',
113 verbose parsed url   href: 'gulp-jshint@latest' }
114 verbose cache add [ 'gulp-notify@latest', null ]
115 verbose cache add name=undefined spec="gulp-notify@latest" args=["gulp-notify@latest",null]
116 verbose parsed url { protocol: null,
116 verbose parsed url   slashes: null,
116 verbose parsed url   auth: null,
116 verbose parsed url   host: null,
116 verbose parsed url   port: null,
116 verbose parsed url   hostname: null,
116 verbose parsed url   hash: null,
116 verbose parsed url   search: null,
116 verbose parsed url   query: null,
116 verbose parsed url   pathname: 'gulp-notify@latest',
116 verbose parsed url   path: 'gulp-notify@latest',
116 verbose parsed url   href: 'gulp-notify@latest' }
117 verbose cache add [ 'stringify@latest', null ]
118 verbose cache add name=undefined spec="stringify@latest" args=["stringify@latest",null]
119 verbose parsed url { protocol: null,
119 verbose parsed url   slashes: null,
119 verbose parsed url   auth: null,
119 verbose parsed url   host: null,
119 verbose parsed url   port: null,
119 verbose parsed url   hostname: null,
119 verbose parsed url   hash: null,
119 verbose parsed url   search: null,
119 verbose parsed url   query: null,
119 verbose parsed url   pathname: 'stringify@latest',
119 verbose parsed url   path: 'stringify@latest',
119 verbose parsed url   href: 'stringify@latest' }
120 verbose cache add [ 'gulp-livereload@latest', null ]
121 verbose cache add name=undefined spec="gulp-livereload@latest" args=["gulp-livereload@latest",null]
122 verbose parsed url { protocol: null,
122 verbose parsed url   slashes: null,
122 verbose parsed url   auth: null,
122 verbose parsed url   host: null,
122 verbose parsed url   port: null,
122 verbose parsed url   hostname: null,
122 verbose parsed url   hash: null,
122 verbose parsed url   search: null,
122 verbose parsed url   query: null,
122 verbose parsed url   pathname: 'gulp-livereload@latest',
122 verbose parsed url   path: 'gulp-livereload@latest',
122 verbose parsed url   href: 'gulp-livereload@latest' }
123 verbose cache add [ 'jshint-stylish@latest', null ]
124 verbose cache add name=undefined spec="jshint-stylish@latest" args=["jshint-stylish@latest",null]
125 verbose parsed url { protocol: null,
125 verbose parsed url   slashes: null,
125 verbose parsed url   auth: null,
125 verbose parsed url   host: null,
125 verbose parsed url   port: null,
125 verbose parsed url   hostname: null,
125 verbose parsed url   hash: null,
125 verbose parsed url   search: null,
125 verbose parsed url   query: null,
125 verbose parsed url   pathname: 'jshint-stylish@latest',
125 verbose parsed url   path: 'jshint-stylish@latest',
125 verbose parsed url   href: 'jshint-stylish@latest' }
126 verbose cache add [ 'gulp-watch@latest', null ]
127 verbose cache add name=undefined spec="gulp-watch@latest" args=["gulp-watch@latest",null]
128 verbose parsed url { protocol: null,
128 verbose parsed url   slashes: null,
128 verbose parsed url   auth: null,
128 verbose parsed url   host: null,
128 verbose parsed url   port: null,
128 verbose parsed url   hostname: null,
128 verbose parsed url   hash: null,
128 verbose parsed url   search: null,
128 verbose parsed url   query: null,
128 verbose parsed url   pathname: 'gulp-watch@latest',
128 verbose parsed url   path: 'gulp-watch@latest',
128 verbose parsed url   href: 'gulp-watch@latest' }
129 info addNameTag [ 'gulp', 'latest' ]
130 silly addNameRange { name: 'express', range: '>=3.4.0-0 <3.5.0-0', hasData: false }
131 info addNameTag [ 'browserify', 'latest' ]
132 info addNameTag [ 'gulp-json-editor', 'latest' ]
133 info addNameTag [ 'brfs', 'latest' ]
134 info addNameTag [ 'gulp-browserify', 'latest' ]
135 verbose cache add name="gulp-clean" spec="latest" args=["gulp-clean","latest"]
136 verbose parsed url { protocol: null,
136 verbose parsed url   slashes: null,
136 verbose parsed url   auth: null,
136 verbose parsed url   host: null,
136 verbose parsed url   port: null,
136 verbose parsed url   hostname: null,
136 verbose parsed url   hash: null,
136 verbose parsed url   search: null,
136 verbose parsed url   query: null,
136 verbose parsed url   pathname: 'latest',
136 verbose parsed url   path: 'latest',
136 verbose parsed url   href: 'latest' }
137 verbose addNamed [ 'gulp-clean', 'latest' ]
138 verbose addNamed [ null, null ]
139 silly lockFile ae8f20cd-gulp-clean-latest gulp-clean@latest
140 verbose lock gulp-clean@latest /Users/jibestreamdeveloper/.npm/ae8f20cd-gulp-clean-latest.lock
141 verbose cache add name="gulp-jshint" spec="latest" args=["gulp-jshint","latest"]
142 verbose parsed url { protocol: null,
142 verbose parsed url   slashes: null,
142 verbose parsed url   auth: null,
142 verbose parsed url   host: null,
142 verbose parsed url   port: null,
142 verbose parsed url   hostname: null,
142 verbose parsed url   hash: null,
142 verbose parsed url   search: null,
142 verbose parsed url   query: null,
142 verbose parsed url   pathname: 'latest',
142 verbose parsed url   path: 'latest',
142 verbose parsed url   href: 'latest' }
143 verbose addNamed [ 'gulp-jshint', 'latest' ]
144 verbose addNamed [ null, null ]
145 silly lockFile 9d0b7375-gulp-jshint-latest gulp-jshint@latest
146 verbose lock gulp-jshint@latest /Users/jibestreamdeveloper/.npm/9d0b7375-gulp-jshint-latest.lock
147 verbose cache add name="gulp-notify" spec="latest" args=["gulp-notify","latest"]
148 verbose parsed url { protocol: null,
148 verbose parsed url   slashes: null,
148 verbose parsed url   auth: null,
148 verbose parsed url   host: null,
148 verbose parsed url   port: null,
148 verbose parsed url   hostname: null,
148 verbose parsed url   hash: null,
148 verbose parsed url   search: null,
148 verbose parsed url   query: null,
148 verbose parsed url   pathname: 'latest',
148 verbose parsed url   path: 'latest',
148 verbose parsed url   href: 'latest' }
149 verbose addNamed [ 'gulp-notify', 'latest' ]
150 verbose addNamed [ null, null ]
151 silly lockFile ed66d455-gulp-notify-latest gulp-notify@latest
152 verbose lock gulp-notify@latest /Users/jibestreamdeveloper/.npm/ed66d455-gulp-notify-latest.lock
153 verbose cache add name="stringify" spec="latest" args=["stringify","latest"]
154 verbose parsed url { protocol: null,
154 verbose parsed url   slashes: null,
154 verbose parsed url   auth: null,
154 verbose parsed url   host: null,
154 verbose parsed url   port: null,
154 verbose parsed url   hostname: null,
154 verbose parsed url   hash: null,
154 verbose parsed url   search: null,
154 verbose parsed url   query: null,
154 verbose parsed url   pathname: 'latest',
154 verbose parsed url   path: 'latest',
154 verbose parsed url   href: 'latest' }
155 verbose addNamed [ 'stringify', 'latest' ]
156 verbose addNamed [ null, null ]
157 silly lockFile 94f84e42-stringify-latest stringify@latest
158 verbose lock stringify@latest /Users/jibestreamdeveloper/.npm/94f84e42-stringify-latest.lock
159 verbose cache add name="gulp-livereload" spec="latest" args=["gulp-livereload","latest"]
160 verbose parsed url { protocol: null,
160 verbose parsed url   slashes: null,
160 verbose parsed url   auth: null,
160 verbose parsed url   host: null,
160 verbose parsed url   port: null,
160 verbose parsed url   hostname: null,
160 verbose parsed url   hash: null,
160 verbose parsed url   search: null,
160 verbose parsed url   query: null,
160 verbose parsed url   pathname: 'latest',
160 verbose parsed url   path: 'latest',
160 verbose parsed url   href: 'latest' }
161 verbose addNamed [ 'gulp-livereload', 'latest' ]
162 verbose addNamed [ null, null ]
163 silly lockFile 7a35b16c-gulp-livereload-latest gulp-livereload@latest
164 verbose lock gulp-livereload@latest /Users/jibestreamdeveloper/.npm/7a35b16c-gulp-livereload-latest.lock
165 verbose cache add name="jshint-stylish" spec="latest" args=["jshint-stylish","latest"]
166 verbose parsed url { protocol: null,
166 verbose parsed url   slashes: null,
166 verbose parsed url   auth: null,
166 verbose parsed url   host: null,
166 verbose parsed url   port: null,
166 verbose parsed url   hostname: null,
166 verbose parsed url   hash: null,
166 verbose parsed url   search: null,
166 verbose parsed url   query: null,
166 verbose parsed url   pathname: 'latest',
166 verbose parsed url   path: 'latest',
166 verbose parsed url   href: 'latest' }
167 verbose addNamed [ 'jshint-stylish', 'latest' ]
168 verbose addNamed [ null, null ]
169 silly lockFile efa514d8-jshint-stylish-latest jshint-stylish@latest
170 verbose lock jshint-stylish@latest /Users/jibestreamdeveloper/.npm/efa514d8-jshint-stylish-latest.lock
171 verbose cache add name="gulp-watch" spec="latest" args=["gulp-watch","latest"]
172 verbose parsed url { protocol: null,
172 verbose parsed url   slashes: null,
172 verbose parsed url   auth: null,
172 verbose parsed url   host: null,
172 verbose parsed url   port: null,
172 verbose parsed url   hostname: null,
172 verbose parsed url   hash: null,
172 verbose parsed url   search: null,
172 verbose parsed url   query: null,
172 verbose parsed url   pathname: 'latest',
172 verbose parsed url   path: 'latest',
172 verbose parsed url   href: 'latest' }
173 verbose addNamed [ 'gulp-watch', 'latest' ]
174 verbose addNamed [ null, null ]
175 silly lockFile d6f2dcb7-gulp-watch-latest gulp-watch@latest
176 verbose lock gulp-watch@latest /Users/jibestreamdeveloper/.npm/d6f2dcb7-gulp-watch-latest.lock
177 info addNameTag [ 'gulp-sass', 'latest' ]
178 verbose request where is /gulp
179 verbose request registry https://registry.npmjs.org/
180 verbose request id 73f10d25e7b41746
181 verbose url raw /gulp
182 verbose url resolving [ 'https://registry.npmjs.org/', './gulp' ]
183 verbose url resolved https://registry.npmjs.org/gulp
184 verbose request where is https://registry.npmjs.org/gulp
185 info trying registry request attempt 1 at 10:49:11
186 http GET https://registry.npmjs.org/gulp
187 verbose request where is /express
188 verbose request registry https://registry.npmjs.org/
189 verbose url raw /express
190 verbose url resolving [ 'https://registry.npmjs.org/', './express' ]
191 verbose url resolved https://registry.npmjs.org/express
192 verbose request where is https://registry.npmjs.org/express
193 info trying registry request attempt 1 at 10:49:11
194 http GET https://registry.npmjs.org/express
195 verbose request where is /gulp-json-editor
196 verbose request registry https://registry.npmjs.org/
197 verbose url raw /gulp-json-editor
198 verbose url resolving [ 'https://registry.npmjs.org/', './gulp-json-editor' ]
199 verbose url resolved https://registry.npmjs.org/gulp-json-editor
200 verbose request where is https://registry.npmjs.org/gulp-json-editor
201 info trying registry request attempt 1 at 10:49:11
202 http GET https://registry.npmjs.org/gulp-json-editor
203 verbose request where is /brfs
204 verbose request registry https://registry.npmjs.org/
205 verbose url raw /brfs
206 verbose url resolving [ 'https://registry.npmjs.org/', './brfs' ]
207 verbose url resolved https://registry.npmjs.org/brfs
208 verbose request where is https://registry.npmjs.org/brfs
209 info trying registry request attempt 1 at 10:49:11
210 http GET https://registry.npmjs.org/brfs
211 verbose request where is /gulp-browserify
212 verbose request registry https://registry.npmjs.org/
213 verbose url raw /gulp-browserify
214 verbose url resolving [ 'https://registry.npmjs.org/', './gulp-browserify' ]
215 verbose url resolved https://registry.npmjs.org/gulp-browserify
216 verbose request where is https://registry.npmjs.org/gulp-browserify
217 info trying registry request attempt 1 at 10:49:11
218 http GET https://registry.npmjs.org/gulp-browserify
219 info addNameTag [ 'gulp-zip', 'latest' ]
220 info addNameTag [ 'gulp-concat', 'latest' ]
221 info addNameTag [ 'gulp-ngmin', 'latest' ]
222 info addNameTag [ 'gulp-plumber', 'latest' ]
223 verbose request where is /gulp-sass
224 verbose request registry https://registry.npmjs.org/
225 verbose url raw /gulp-sass
226 verbose url resolving [ 'https://registry.npmjs.org/', './gulp-sass' ]
227 verbose url resolved https://registry.npmjs.org/gulp-sass
228 verbose request where is https://registry.npmjs.org/gulp-sass
229 info trying registry request attempt 1 at 10:49:11
230 http GET https://registry.npmjs.org/gulp-sass
231 verbose request where is /gulp-zip
232 verbose request registry https://registry.npmjs.org/
233 verbose url raw /gulp-zip
234 verbose url resolving [ 'https://registry.npmjs.org/', './gulp-zip' ]
235 verbose url resolved https://registry.npmjs.org/gulp-zip
236 verbose request where is https://registry.npmjs.org/gulp-zip
237 info trying registry request attempt 1 at 10:49:12
238 http GET https://registry.npmjs.org/gulp-zip
239 verbose request where is /gulp-concat
240 verbose request registry https://registry.npmjs.org/
241 verbose url raw /gulp-concat
242 verbose url resolving [ 'https://registry.npmjs.org/', './gulp-concat' ]
243 verbose url resolved https://registry.npmjs.org/gulp-concat
244 verbose request where is https://registry.npmjs.org/gulp-concat
245 info trying registry request attempt 1 at 10:49:12
246 http GET https://registry.npmjs.org/gulp-concat
247 verbose request where is /gulp-ngmin
248 verbose request registry https://registry.npmjs.org/
249 verbose url raw /gulp-ngmin
250 verbose url resolving [ 'https://registry.npmjs.org/', './gulp-ngmin' ]
251 verbose url resolved https://registry.npmjs.org/gulp-ngmin
252 verbose request where is https://registry.npmjs.org/gulp-ngmin
253 info trying registry request attempt 1 at 10:49:12
254 http GET https://registry.npmjs.org/gulp-ngmin
255 info addNameTag [ 'gulp-clean', 'latest' ]
256 info addNameTag [ 'gulp-jshint', 'latest' ]
257 info addNameTag [ 'gulp-notify', 'latest' ]
258 verbose request where is /gulp-plumber
259 verbose request registry https://registry.npmjs.org/
260 verbose url raw /gulp-plumber
261 verbose url resolving [ 'https://registry.npmjs.org/', './gulp-plumber' ]
262 verbose url resolved https://registry.npmjs.org/gulp-plumber
263 verbose request where is https://registry.npmjs.org/gulp-plumber
264 info trying registry request attempt 1 at 10:49:12
265 http GET https://registry.npmjs.org/gulp-plumber
266 info addNameTag [ 'stringify', 'latest' ]
267 info addNameTag [ 'gulp-livereload', 'latest' ]
268 info addNameTag [ 'jshint-stylish', 'latest' ]
269 info addNameTag [ 'gulp-watch', 'latest' ]
270 verbose request where is /gulp-clean
271 verbose request registry https://registry.npmjs.org/
272 verbose url raw /gulp-clean
273 verbose url resolving [ 'https://registry.npmjs.org/', './gulp-clean' ]
274 verbose url resolved https://registry.npmjs.org/gulp-clean
275 verbose request where is https://registry.npmjs.org/gulp-clean
276 info trying registry request attempt 1 at 10:49:12
277 http GET https://registry.npmjs.org/gulp-clean
278 verbose request where is /gulp-jshint
279 verbose request registry https://registry.npmjs.org/
280 verbose url raw /gulp-jshint
281 verbose url resolving [ 'https://registry.npmjs.org/', './gulp-jshint' ]
282 verbose url resolved https://registry.npmjs.org/gulp-jshint
283 verbose request where is https://registry.npmjs.org/gulp-jshint
284 info trying registry request attempt 1 at 10:49:12
285 http GET https://registry.npmjs.org/gulp-jshint
286 verbose request where is /gulp-notify
287 verbose request registry https://registry.npmjs.org/
288 verbose url raw /gulp-notify
289 verbose url resolving [ 'https://registry.npmjs.org/', './gulp-notify' ]
290 verbose url resolved https://registry.npmjs.org/gulp-notify
291 verbose request where is https://registry.npmjs.org/gulp-notify
292 info trying registry request attempt 1 at 10:49:12
293 http GET https://registry.npmjs.org/gulp-notify
294 verbose request where is /stringify
295 verbose request registry https://registry.npmjs.org/
296 verbose url raw /stringify
297 verbose url resolving [ 'https://registry.npmjs.org/', './stringify' ]
298 verbose url resolved https://registry.npmjs.org/stringify
299 verbose request where is https://registry.npmjs.org/stringify
300 info trying registry request attempt 1 at 10:49:12
301 http GET https://registry.npmjs.org/stringify
302 verbose request where is /jshint-stylish
303 verbose request registry https://registry.npmjs.org/
304 verbose url raw /jshint-stylish
305 verbose url resolving [ 'https://registry.npmjs.org/', './jshint-stylish' ]
306 verbose url resolved https://registry.npmjs.org/jshint-stylish
307 verbose request where is https://registry.npmjs.org/jshint-stylish
308 info trying registry request attempt 1 at 10:49:12
309 http GET https://registry.npmjs.org/jshint-stylish
310 verbose request where is /gulp-livereload
311 verbose request registry https://registry.npmjs.org/
312 verbose url raw /gulp-livereload
313 verbose url resolving [ 'https://registry.npmjs.org/', './gulp-livereload' ]
314 verbose url resolved https://registry.npmjs.org/gulp-livereload
315 verbose request where is https://registry.npmjs.org/gulp-livereload
316 info trying registry request attempt 1 at 10:49:12
317 http GET https://registry.npmjs.org/gulp-livereload
318 verbose request where is /gulp-watch
319 verbose request registry https://registry.npmjs.org/
320 verbose url raw /gulp-watch
321 verbose url resolving [ 'https://registry.npmjs.org/', './gulp-watch' ]
322 verbose url resolved https://registry.npmjs.org/gulp-watch
323 verbose request where is https://registry.npmjs.org/gulp-watch
324 info trying registry request attempt 1 at 10:49:12
325 http GET https://registry.npmjs.org/gulp-watch
326 verbose request where is /browserify
327 verbose request registry https://registry.npmjs.org/
328 verbose url raw /browserify
329 verbose url resolving [ 'https://registry.npmjs.org/', './browserify' ]
330 verbose url resolved https://registry.npmjs.org/browserify
331 verbose request where is https://registry.npmjs.org/browserify
332 info trying registry request attempt 1 at 10:49:12
333 verbose etag "C6SA6UN7OX9CPN9QC7J8WW15N"
334 http GET https://registry.npmjs.org/browserify
335 http 200 https://registry.npmjs.org/brfs
336 silly registry.get cb [ 200,
336 silly registry.get   { date: 'Thu, 23 Oct 2014 17:49:12 GMT',
336 silly registry.get     server: 'CouchDB/1.5.0 (Erlang OTP/R16B03)',
336 silly registry.get     etag: '"RTR2CBGLJJDE1V2RERA5MA7N"',
336 silly registry.get     'content-type': 'application/json',
336 silly registry.get     'cache-control': 'max-age=60',
336 silly registry.get     'content-length': '27787',
336 silly registry.get     'accept-ranges': 'bytes',
336 silly registry.get     via: '1.1 varnish',
336 silly registry.get     age: '0',
336 silly registry.get     'x-served-by': 'cache-sjc3134-SJC',
336 silly registry.get     'x-cache': 'HIT',
336 silly registry.get     'x-cache-hits': '1',
336 silly registry.get     'x-timer': 'S1414086552.828071,VS0,VE33',
336 silly registry.get     vary: 'Accept',
336 silly registry.get     'keep-alive': 'timeout=10, max=50',
336 silly registry.get     connection: 'Keep-Alive' } ]
337 verbose addNamed [ 'brfs', '1.2.0' ]
338 verbose addNamed [ '1.2.0', '1.2.0' ]
339 silly lockFile 62e54075-brfs-1-2-0 brfs@1.2.0
340 verbose lock brfs@1.2.0 /Users/jibestreamdeveloper/.npm/62e54075-brfs-1-2-0.lock
341 silly lockFile 8dcafcca-ry-npmjs-org-brfs-brfs-1-2-0-tgz https://registry.npmjs.org/brfs/-/brfs-1.2.0.tgz
342 verbose lock https://registry.npmjs.org/brfs/-/brfs-1.2.0.tgz /Users/jibestreamdeveloper/.npm/8dcafcca-ry-npmjs-org-brfs-brfs-1-2-0-tgz.lock
343 verbose addRemoteTarball [ 'https://registry.npmjs.org/brfs/-/brfs-1.2.0.tgz',
343 verbose addRemoteTarball   '9c486f9043e87dbe8f28e279dfd65c3878111010' ]
344 info retry fetch attempt 1 at 10:49:12
345 verbose fetch to= /var/folders/g6/1p980pp13dxc7mbx43zjph3m0000gp/T/npm-1878-mnmyvl9V/registry.npmjs.org/brfs/-/brfs-1.2.0.tgz
346 http GET https://registry.npmjs.org/brfs/-/brfs-1.2.0.tgz
347 http 200 https://registry.npmjs.org/gulp-sass
348 silly registry.get cb [ 200,
348 silly registry.get   { date: 'Thu, 23 Oct 2014 17:49:12 GMT',
348 silly registry.get     server: 'CouchDB/1.5.0 (Erlang OTP/R16B03)',
348 silly registry.get     etag: '"C6953O2VR1KDOSXDNP32421X2"',
348 silly registry.get     'content-type': 'application/json',
348 silly registry.get     'cache-control': 'max-age=60',
348 silly registry.get     'content-length': '22232',
348 silly registry.get     'accept-ranges': 'bytes',
348 silly registry.get     via: '1.1 varnish',
348 silly registry.get     age: '34',
348 silly registry.get     'x-served-by': 'cache-sjc3134-SJC',
348 silly registry.get     'x-cache': 'HIT',
348 silly registry.get     'x-cache-hits': '1',
348 silly registry.get     'x-timer': 'S1414086552.978940,VS0,VE0',
348 silly registry.get     vary: 'Accept',
348 silly registry.get     'keep-alive': 'timeout=10, max=49',
348 silly registry.get     connection: 'Keep-Alive' } ]
349 verbose addNamed [ 'gulp-sass', '1.2.0' ]
350 verbose addNamed [ '1.2.0', '1.2.0' ]
351 silly lockFile bc907d07-gulp-sass-1-2-0 gulp-sass@1.2.0
352 verbose lock gulp-sass@1.2.0 /Users/jibestreamdeveloper/.npm/bc907d07-gulp-sass-1-2-0.lock
353 silly lockFile ea4e63b7-rg-gulp-sass-gulp-sass-1-2-0-tgz https://registry.npmjs.org/gulp-sass/-/gulp-sass-1.2.0.tgz
354 verbose lock https://registry.npmjs.org/gulp-sass/-/gulp-sass-1.2.0.tgz /Users/jibestreamdeveloper/.npm/ea4e63b7-rg-gulp-sass-gulp-sass-1-2-0-tgz.lock
355 verbose addRemoteTarball [ 'https://registry.npmjs.org/gulp-sass/-/gulp-sass-1.2.0.tgz',
355 verbose addRemoteTarball   '33bbc37c7f6063b9f770e080a964d8eaa768ffd7' ]
356 info retry fetch attempt 1 at 10:49:12
357 verbose fetch to= /var/folders/g6/1p980pp13dxc7mbx43zjph3m0000gp/T/npm-1878-mnmyvl9V/registry.npmjs.org/gulp-sass/-/gulp-sass-1.2.0.tgz
358 http GET https://registry.npmjs.org/gulp-sass/-/gulp-sass-1.2.0.tgz
359 http 200 https://registry.npmjs.org/brfs/-/brfs-1.2.0.tgz
360 http 200 https://registry.npmjs.org/gulp-browserify
361 silly registry.get cb [ 200,
361 silly registry.get   { date: 'Thu, 23 Oct 2014 17:49:12 GMT',
361 silly registry.get     server: 'CouchDB/1.5.0 (Erlang OTP/R16B03)',
361 silly registry.get     etag: '"BEXAUH23ALS56BX796RWYWGQS"',
361 silly registry.get     'content-type': 'application/json',
361 silly registry.get     'cache-control': 'max-age=60',
361 silly registry.get     'content-length': '36690',
361 silly registry.get     'accept-ranges': 'bytes',
361 silly registry.get     via: '1.1 varnish',
361 silly registry.get     age: '0',
361 silly registry.get     'x-served-by': 'cache-sjc3134-SJC',
361 silly registry.get     'x-cache': 'HIT',
361 silly registry.get     'x-cache-hits': '1',
361 silly registry.get     'x-timer': 'S1414086552.822966,VS0,VE153',
361 silly registry.get     vary: 'Accept',
361 silly registry.get     'keep-alive': 'timeout=10, max=50',
361 silly registry.get     connection: 'Keep-Alive' } ]
362 verbose addNamed [ 'gulp-browserify', '0.5.0' ]
363 verbose addNamed [ '0.5.0', '0.5.0' ]
364 silly lockFile 29ca95c5-gulp-browserify-0-5-0 gulp-browserify@0.5.0
365 verbose lock gulp-browserify@0.5.0 /Users/jibestreamdeveloper/.npm/29ca95c5-gulp-browserify-0-5-0.lock
366 silly lockFile 16a3498b-serify-gulp-browserify-0-5-0-tgz https://registry.npmjs.org/gulp-browserify/-/gulp-browserify-0.5.0.tgz
367 verbose lock https://registry.npmjs.org/gulp-browserify/-/gulp-browserify-0.5.0.tgz /Users/jibestreamdeveloper/.npm/16a3498b-serify-gulp-browserify-0-5-0-tgz.lock
368 verbose addRemoteTarball [ 'https://registry.npmjs.org/gulp-browserify/-/gulp-browserify-0.5.0.tgz',
368 verbose addRemoteTarball   '41b1d2bbb6d210d9dd2e1680f78c9afb724a3dd1' ]
369 info retry fetch attempt 1 at 10:49:12
370 verbose fetch to= /var/folders/g6/1p980pp13dxc7mbx43zjph3m0000gp/T/npm-1878-mnmyvl9V/registry.npmjs.org/gulp-browserify/-/gulp-browserify-0.5.0.tgz
371 http GET https://registry.npmjs.org/gulp-browserify/-/gulp-browserify-0.5.0.tgz
372 http 200 https://registry.npmjs.org/gulp-zip
373 silly registry.get cb [ 200,
373 silly registry.get   { date: 'Thu, 23 Oct 2014 17:49:13 GMT',
373 silly registry.get     server: 'CouchDB/1.5.0 (Erlang OTP/R16B03)',
373 silly registry.get     etag: '"NCKAK8HEIEES3NMFZ2Z2S081"',
373 silly registry.get     'content-type': 'application/json',
373 silly registry.get     'cache-control': 'max-age=60',
373 silly registry.get     'content-length': '18494',
373 silly registry.get     'accept-ranges': 'bytes',
373 silly registry.get     via: '1.1 varnish',
373 silly registry.get     age: '0',
373 silly registry.get     'x-served-by': 'cache-sjc3134-SJC',
373 silly registry.get     'x-cache': 'MISS',
373 silly registry.get     'x-cache-hits': '0',
373 silly registry.get     'x-timer': 'S1414086553.099054,VS0,VE84',
373 silly registry.get     vary: 'Accept',
373 silly registry.get     'keep-alive': 'timeout=10, max=48',
373 silly registry.get     connection: 'Keep-Alive' } ]
374 verbose addNamed [ 'gulp-zip', '2.0.2' ]
375 verbose addNamed [ '2.0.2', '2.0.2' ]
376 silly lockFile 9e3ef7e4-gulp-zip-2-0-2 gulp-zip@2.0.2
377 verbose lock gulp-zip@2.0.2 /Users/jibestreamdeveloper/.npm/9e3ef7e4-gulp-zip-2-0-2.lock
378 silly lockFile 078d7190--org-gulp-zip-gulp-zip-2-0-2-tgz https://registry.npmjs.org/gulp-zip/-/gulp-zip-2.0.2.tgz
379 verbose lock https://registry.npmjs.org/gulp-zip/-/gulp-zip-2.0.2.tgz /Users/jibestreamdeveloper/.npm/078d7190--org-gulp-zip-gulp-zip-2-0-2-tgz.lock
380 verbose addRemoteTarball [ 'https://registry.npmjs.org/gulp-zip/-/gulp-zip-2.0.2.tgz',
380 verbose addRemoteTarball   'a8f19d25599a770451d7d3cc09058004b4902010' ]
381 info retry fetch attempt 1 at 10:49:13
382 verbose fetch to= /var/folders/g6/1p980pp13dxc7mbx43zjph3m0000gp/T/npm-1878-mnmyvl9V/registry.npmjs.org/gulp-zip/-/gulp-zip-2.0.2.tgz
383 http GET https://registry.npmjs.org/gulp-zip/-/gulp-zip-2.0.2.tgz
384 http 200 https://registry.npmjs.org/gulp-json-editor
385 silly registry.get cb [ 200,
385 silly registry.get   { date: 'Thu, 23 Oct 2014 17:49:13 GMT',
385 silly registry.get     server: 'CouchDB/1.5.0 (Erlang OTP/R16B03)',
385 silly registry.get     etag: '"Y0ZXP2F1FCIAH74M93N2B6D3"',
385 silly registry.get     'content-type': 'application/json',
385 silly registry.get     'cache-control': 'max-age=60',
385 silly registry.get     'content-length': '13210',
385 silly registry.get     'accept-ranges': 'bytes',
385 silly registry.get     via: '1.1 varnish',
385 silly registry.get     age: '0',
385 silly registry.get     'x-served-by': 'cache-sjc3131-SJC',
385 silly registry.get     'x-cache': 'MISS',
385 silly registry.get     'x-cache-hits': '0',
385 silly registry.get     'x-timer': 'S1414086553.180835,VS0,VE35',
385 silly registry.get     vary: 'Accept',
385 silly registry.get     'keep-alive': 'timeout=10, max=50',
385 silly registry.get     connection: 'Keep-Alive' } ]
386 verbose addNamed [ 'gulp-json-editor', '2.1.0' ]
387 verbose addNamed [ '2.1.0', '2.1.0' ]
388 silly lockFile 8df387c1-gulp-json-editor-2-1-0 gulp-json-editor@2.1.0
389 verbose lock gulp-json-editor@2.1.0 /Users/jibestreamdeveloper/.npm/8df387c1-gulp-json-editor-2-1-0.lock
390 silly lockFile 5ab6ab31-ditor-gulp-json-editor-2-1-0-tgz https://registry.npmjs.org/gulp-json-editor/-/gulp-json-editor-2.1.0.tgz
391 verbose lock https://registry.npmjs.org/gulp-json-editor/-/gulp-json-editor-2.1.0.tgz /Users/jibestreamdeveloper/.npm/5ab6ab31-ditor-gulp-json-editor-2-1-0-tgz.lock
392 verbose addRemoteTarball [ 'https://registry.npmjs.org/gulp-json-editor/-/gulp-json-editor-2.1.0.tgz',
392 verbose addRemoteTarball   '91062b23acd89a95c9c83d7a416b7d5c25b00a57' ]
393 info retry fetch attempt 1 at 10:49:13
394 verbose fetch to= /var/folders/g6/1p980pp13dxc7mbx43zjph3m0000gp/T/npm-1878-mnmyvl9V/registry.npmjs.org/gulp-json-editor/-/gulp-json-editor-2.1.0.tgz
395 http GET https://registry.npmjs.org/gulp-json-editor/-/gulp-json-editor-2.1.0.tgz
396 http 200 https://registry.npmjs.org/gulp-ngmin
397 silly registry.get cb [ 200,
397 silly registry.get   { date: 'Thu, 23 Oct 2014 17:49:14 GMT',
397 silly registry.get     server: 'CouchDB/1.5.0 (Erlang OTP/R16B03)',
397 silly registry.get     etag: '"68S3BZ937272DLCCXPBMJZFXJ"',
397 silly registry.get     'content-type': 'application/json',
397 silly registry.get     'cache-control': 'max-age=60',
397 silly registry.get     'content-length': '7722',
397 silly registry.get     'accept-ranges': 'bytes',
397 silly registry.get     via: '1.1 varnish',
397 silly registry.get     age: '0',
397 silly registry.get     'x-served-by': 'cache-sjc3134-SJC',
397 silly registry.get     'x-cache': 'HIT',
397 silly registry.get     'x-cache-hits': '1',
397 silly registry.get     'x-timer': 'S1414086554.054357,VS0,VE90',
397 silly registry.get     vary: 'Accept',
397 silly registry.get     'keep-alive': 'timeout=10, max=47',
397 silly registry.get     connection: 'Keep-Alive' } ]
398 verbose addNamed [ 'gulp-ngmin', '0.3.0' ]
399 verbose addNamed [ '0.3.0', '0.3.0' ]
400 silly lockFile 0ef6a33f-gulp-ngmin-0-3-0 gulp-ngmin@0.3.0
401 verbose lock gulp-ngmin@0.3.0 /Users/jibestreamdeveloper/.npm/0ef6a33f-gulp-ngmin-0-3-0.lock
402 warn deprecated gulp-ngmin@0.3.0: Deprecated in favor of gulp-ng-annotate: https://github.com/Kagami/gulp-ng-annotate - Reasoning: https://github.com/btford/ngmin/issues/93
403 silly lockFile 21937105--gulp-ngmin-gulp-ngmin-0-3-0-tgz https://registry.npmjs.org/gulp-ngmin/-/gulp-ngmin-0.3.0.tgz
404 verbose lock https://registry.npmjs.org/gulp-ngmin/-/gulp-ngmin-0.3.0.tgz /Users/jibestreamdeveloper/.npm/21937105--gulp-ngmin-gulp-ngmin-0-3-0-tgz.lock
405 verbose addRemoteTarball [ 'https://registry.npmjs.org/gulp-ngmin/-/gulp-ngmin-0.3.0.tgz',
405 verbose addRemoteTarball   '9ee623a23a0c5490bf279ca16c0f3c26992a0729' ]
406 info retry fetch attempt 1 at 10:49:14
407 verbose fetch to= /var/folders/g6/1p980pp13dxc7mbx43zjph3m0000gp/T/npm-1878-mnmyvl9V/registry.npmjs.org/gulp-ngmin/-/gulp-ngmin-0.3.0.tgz
408 http GET https://registry.npmjs.org/gulp-ngmin/-/gulp-ngmin-0.3.0.tgz
409 http 200 https://registry.npmjs.org/gulp-zip/-/gulp-zip-2.0.2.tgz
410 silly lockFile 078d7190--org-gulp-zip-gulp-zip-2-0-2-tgz https://registry.npmjs.org/gulp-zip/-/gulp-zip-2.0.2.tgz
411 silly lockFile 078d7190--org-gulp-zip-gulp-zip-2-0-2-tgz https://registry.npmjs.org/gulp-zip/-/gulp-zip-2.0.2.tgz
412 silly lockFile 9e3ef7e4-gulp-zip-2-0-2 gulp-zip@2.0.2
413 silly lockFile 9e3ef7e4-gulp-zip-2-0-2 gulp-zip@2.0.2
414 silly lockFile 2d12dda5-gulp-zip-latest gulp-zip@latest
415 silly lockFile 2d12dda5-gulp-zip-latest gulp-zip@latest
416 http 200 https://registry.npmjs.org/gulp-json-editor/-/gulp-json-editor-2.1.0.tgz
417 http 200 https://registry.npmjs.org/gulp-ngmin/-/gulp-ngmin-0.3.0.tgz
418 http 200 https://registry.npmjs.org/gulp-sass/-/gulp-sass-1.2.0.tgz
419 silly lockFile 21937105--gulp-ngmin-gulp-ngmin-0-3-0-tgz https://registry.npmjs.org/gulp-ngmin/-/gulp-ngmin-0.3.0.tgz
420 silly lockFile 21937105--gulp-ngmin-gulp-ngmin-0-3-0-tgz https://registry.npmjs.org/gulp-ngmin/-/gulp-ngmin-0.3.0.tgz
421 silly lockFile 0ef6a33f-gulp-ngmin-0-3-0 gulp-ngmin@0.3.0
422 silly lockFile 0ef6a33f-gulp-ngmin-0-3-0 gulp-ngmin@0.3.0
423 silly lockFile 2e316f81-gulp-ngmin-latest gulp-ngmin@latest
424 silly lockFile 2e316f81-gulp-ngmin-latest gulp-ngmin@latest
425 silly lockFile ea4e63b7-rg-gulp-sass-gulp-sass-1-2-0-tgz https://registry.npmjs.org/gulp-sass/-/gulp-sass-1.2.0.tgz
426 silly lockFile ea4e63b7-rg-gulp-sass-gulp-sass-1-2-0-tgz https://registry.npmjs.org/gulp-sass/-/gulp-sass-1.2.0.tgz
427 silly lockFile bc907d07-gulp-sass-1-2-0 gulp-sass@1.2.0
428 silly lockFile bc907d07-gulp-sass-1-2-0 gulp-sass@1.2.0
429 silly lockFile 631ad4b0-gulp-sass-latest gulp-sass@latest
430 silly lockFile 631ad4b0-gulp-sass-latest gulp-sass@latest
431 http 200 https://registry.npmjs.org/gulp-concat
432 silly registry.get cb [ 200,
432 silly registry.get   { date: 'Thu, 23 Oct 2014 17:49:13 GMT',
432 silly registry.get     server: 'CouchDB/1.5.0 (Erlang OTP/R16B03)',
432 silly registry.get     etag: '"D9JDG4LO6QFW9FVKR3NN2GYJZ"',
432 silly registry.get     'content-type': 'application/json',
432 silly registry.get     'cache-control': 'max-age=60',
432 silly registry.get     'content-length': '27119',
432 silly registry.get     'accept-ranges': 'bytes',
432 silly registry.get     via: '1.1 varnish',
432 silly registry.get     age: '0',
432 silly registry.get     'x-served-by': 'cache-sjc3134-SJC',
432 silly registry.get     'x-cache': 'HIT',
432 silly registry.get     'x-cache-hits': '1',
432 silly registry.get     'x-timer': 'S1414086553.528859,VS0,VE90',
432 silly registry.get     vary: 'Accept',
432 silly registry.get     'keep-alive': 'timeout=10, max=49',
432 silly registry.get     connection: 'Keep-Alive' } ]
433 http 200 https://registry.npmjs.org/gulp-browserify/-/gulp-browserify-0.5.0.tgz
434 verbose addNamed [ 'gulp-concat', '2.4.1' ]
435 verbose addNamed [ '2.4.1', '2.4.1' ]
436 silly lockFile 248ae42e-gulp-concat-2-4-1 gulp-concat@2.4.1
437 verbose lock gulp-concat@2.4.1 /Users/jibestreamdeveloper/.npm/248ae42e-gulp-concat-2-4-1.lock
438 silly lockFile 86ce1ad4-ulp-concat-gulp-concat-2-4-1-tgz https://registry.npmjs.org/gulp-concat/-/gulp-concat-2.4.1.tgz
439 verbose lock https://registry.npmjs.org/gulp-concat/-/gulp-concat-2.4.1.tgz /Users/jibestreamdeveloper/.npm/86ce1ad4-ulp-concat-gulp-concat-2-4-1-tgz.lock
440 verbose addRemoteTarball [ 'https://registry.npmjs.org/gulp-concat/-/gulp-concat-2.4.1.tgz',
440 verbose addRemoteTarball   '3097eb348a306708f400cf86cfb7d03ca5a55c94' ]
441 info retry fetch attempt 1 at 10:49:14
442 verbose fetch to= /var/folders/g6/1p980pp13dxc7mbx43zjph3m0000gp/T/npm-1878-mnmyvl9V/registry.npmjs.org/gulp-concat/-/gulp-concat-2.4.1.tgz
443 http GET https://registry.npmjs.org/gulp-concat/-/gulp-concat-2.4.1.tgz
444 http 200 https://registry.npmjs.org/gulp-clean
445 silly registry.get cb [ 200,
445 silly registry.get   { date: 'Thu, 23 Oct 2014 17:49:14 GMT',
445 silly registry.get     server: 'CouchDB/1.5.0 (Erlang OTP/R16B03)',
445 silly registry.get     etag: '"F44QOKOAC1W9BSITIF1KOHB4P"',
445 silly registry.get     'content-type': 'application/json',
445 silly registry.get     'cache-control': 'max-age=60',
445 silly registry.get     'content-length': '13970',
445 silly registry.get     'accept-ranges': 'bytes',
445 silly registry.get     via: '1.1 varnish',
445 silly registry.get     age: '14',
445 silly registry.get     'x-served-by': 'cache-sjc3134-SJC',
445 silly registry.get     'x-cache': 'HIT',
445 silly registry.get     'x-cache-hits': '1',
445 silly registry.get     'x-timer': 'S1414086554.541901,VS0,VE0',
445 silly registry.get     vary: 'Accept',
445 silly registry.get     'keep-alive': 'timeout=10, max=46',
445 silly registry.get     connection: 'Keep-Alive' } ]
446 verbose addNamed [ 'gulp-clean', '0.3.1' ]
447 verbose addNamed [ '0.3.1', '0.3.1' ]
448 silly lockFile 72b2b8e8-gulp-clean-0-3-1 gulp-clean@0.3.1
449 verbose lock gulp-clean@0.3.1 /Users/jibestreamdeveloper/.npm/72b2b8e8-gulp-clean-0-3-1.lock
450 warn deprecated gulp-clean@0.3.1: use gulp-rimraf instead
451 silly lockFile 07b87985--gulp-clean-gulp-clean-0-3-1-tgz https://registry.npmjs.org/gulp-clean/-/gulp-clean-0.3.1.tgz
452 verbose lock https://registry.npmjs.org/gulp-clean/-/gulp-clean-0.3.1.tgz /Users/jibestreamdeveloper/.npm/07b87985--gulp-clean-gulp-clean-0-3-1-tgz.lock
453 verbose addRemoteTarball [ 'https://registry.npmjs.org/gulp-clean/-/gulp-clean-0.3.1.tgz',
453 verbose addRemoteTarball   '52b08a6dfab27a81c67826eeb97affb4aa5f756d' ]
454 info retry fetch attempt 1 at 10:49:14
455 verbose fetch to= /var/folders/g6/1p980pp13dxc7mbx43zjph3m0000gp/T/npm-1878-mnmyvl9V/registry.npmjs.org/gulp-clean/-/gulp-clean-0.3.1.tgz
456 http GET https://registry.npmjs.org/gulp-clean/-/gulp-clean-0.3.1.tgz
457 silly lockFile 8dcafcca-ry-npmjs-org-brfs-brfs-1-2-0-tgz https://registry.npmjs.org/brfs/-/brfs-1.2.0.tgz
458 silly lockFile 8dcafcca-ry-npmjs-org-brfs-brfs-1-2-0-tgz https://registry.npmjs.org/brfs/-/brfs-1.2.0.tgz
459 silly lockFile 62e54075-brfs-1-2-0 brfs@1.2.0
460 silly lockFile 62e54075-brfs-1-2-0 brfs@1.2.0
461 silly lockFile 45ad4374-brfs-latest brfs@latest
462 silly lockFile 45ad4374-brfs-latest brfs@latest
463 http 200 https://registry.npmjs.org/gulp-clean/-/gulp-clean-0.3.1.tgz
464 silly lockFile 5ab6ab31-ditor-gulp-json-editor-2-1-0-tgz https://registry.npmjs.org/gulp-json-editor/-/gulp-json-editor-2.1.0.tgz
465 silly lockFile 5ab6ab31-ditor-gulp-json-editor-2-1-0-tgz https://registry.npmjs.org/gulp-json-editor/-/gulp-json-editor-2.1.0.tgz
466 silly lockFile 8df387c1-gulp-json-editor-2-1-0 gulp-json-editor@2.1.0
467 silly lockFile 8df387c1-gulp-json-editor-2-1-0 gulp-json-editor@2.1.0
468 silly lockFile b033b7f9-gulp-json-editor-latest gulp-json-editor@latest
469 silly lockFile b033b7f9-gulp-json-editor-latest gulp-json-editor@latest
470 silly lockFile 07b87985--gulp-clean-gulp-clean-0-3-1-tgz https://registry.npmjs.org/gulp-clean/-/gulp-clean-0.3.1.tgz
471 silly lockFile 07b87985--gulp-clean-gulp-clean-0-3-1-tgz https://registry.npmjs.org/gulp-clean/-/gulp-clean-0.3.1.tgz
472 silly lockFile 72b2b8e8-gulp-clean-0-3-1 gulp-clean@0.3.1
473 silly lockFile 72b2b8e8-gulp-clean-0-3-1 gulp-clean@0.3.1
474 silly lockFile ae8f20cd-gulp-clean-latest gulp-clean@latest
475 silly lockFile ae8f20cd-gulp-clean-latest gulp-clean@latest
476 http 200 https://registry.npmjs.org/gulp-plumber
477 silly registry.get cb [ 200,
477 silly registry.get   { date: 'Thu, 23 Oct 2014 17:49:14 GMT',
477 silly registry.get     server: 'CouchDB/1.5.0 (Erlang OTP/R16B03)',
477 silly registry.get     etag: '"AJ5GSBNP00APRQEGW30VTBUT9"',
477 silly registry.get     'content-type': 'application/json',
477 silly registry.get     'cache-control': 'max-age=60',
477 silly registry.get     'content-length': '36244',
477 silly registry.get     'accept-ranges': 'bytes',
477 silly registry.get     via: '1.1 varnish',
477 silly registry.get     age: '0',
477 silly registry.get     'x-served-by': 'cache-sjc3131-SJC',
477 silly registry.get     'x-cache': 'HIT',
477 silly registry.get     'x-cache-hits': '1',
477 silly registry.get     'x-timer': 'S1414086554.066916,VS0,VE83',
477 silly registry.get     vary: 'Accept',
477 silly registry.get     'keep-alive': 'timeout=10, max=49',
477 silly registry.get     connection: 'Keep-Alive' } ]
478 verbose addNamed [ 'gulp-plumber', '0.6.6' ]
479 verbose addNamed [ '0.6.6', '0.6.6' ]
480 silly lockFile 696516d0-gulp-plumber-0-6-6 gulp-plumber@0.6.6
481 verbose lock gulp-plumber@0.6.6 /Users/jibestreamdeveloper/.npm/696516d0-gulp-plumber-0-6-6.lock
482 silly lockFile e00d0f4e-p-plumber-gulp-plumber-0-6-6-tgz https://registry.npmjs.org/gulp-plumber/-/gulp-plumber-0.6.6.tgz
483 verbose lock https://registry.npmjs.org/gulp-plumber/-/gulp-plumber-0.6.6.tgz /Users/jibestreamdeveloper/.npm/e00d0f4e-p-plumber-gulp-plumber-0-6-6-tgz.lock
484 verbose addRemoteTarball [ 'https://registry.npmjs.org/gulp-plumber/-/gulp-plumber-0.6.6.tgz',
484 verbose addRemoteTarball   '9f9846a513c70d03216ce7a2a8ce6fd5a3fc3175' ]
485 info retry fetch attempt 1 at 10:49:15
486 verbose fetch to= /var/folders/g6/1p980pp13dxc7mbx43zjph3m0000gp/T/npm-1878-mnmyvl9V/registry.npmjs.org/gulp-plumber/-/gulp-plumber-0.6.6.tgz
487 http GET https://registry.npmjs.org/gulp-plumber/-/gulp-plumber-0.6.6.tgz
488 silly lockFile 16a3498b-serify-gulp-browserify-0-5-0-tgz https://registry.npmjs.org/gulp-browserify/-/gulp-browserify-0.5.0.tgz
489 silly lockFile 16a3498b-serify-gulp-browserify-0-5-0-tgz https://registry.npmjs.org/gulp-browserify/-/gulp-browserify-0.5.0.tgz
490 silly lockFile 29ca95c5-gulp-browserify-0-5-0 gulp-browserify@0.5.0
491 silly lockFile 29ca95c5-gulp-browserify-0-5-0 gulp-browserify@0.5.0
492 silly lockFile b428b71b-gulp-browserify-latest gulp-browserify@latest
493 silly lockFile b428b71b-gulp-browserify-latest gulp-browserify@latest
494 http 200 https://registry.npmjs.org/gulp-concat/-/gulp-concat-2.4.1.tgz
495 http 200 https://registry.npmjs.org/stringify
496 silly registry.get cb [ 200,
496 silly registry.get   { date: 'Thu, 23 Oct 2014 17:49:16 GMT',
496 silly registry.get     server: 'CouchDB/1.5.0 (Erlang OTP/R16B03)',
496 silly registry.get     etag: '"8D84XMN19RJP9U7D2X1SZBGAN"',
496 silly registry.get     'content-type': 'application/json',
496 silly registry.get     'cache-control': 'max-age=60',
496 silly registry.get     'content-length': '20720',
496 silly registry.get     'accept-ranges': 'bytes',
496 silly registry.get     via: '1.1 varnish',
496 silly registry.get     age: '0',
496 silly registry.get     'x-served-by': 'cache-sjc3131-SJC',
496 silly registry.get     'x-cache': 'MISS',
496 silly registry.get     'x-cache-hits': '0',
496 silly registry.get     'x-timer': 'S1414086556.353592,VS0,VE40',
496 silly registry.get     vary: 'Accept',
496 silly registry.get     'keep-alive': 'timeout=10, max=48',
496 silly registry.get     connection: 'Keep-Alive' } ]
497 verbose addNamed [ 'stringify', '2.2.0' ]
498 verbose addNamed [ '2.2.0', '2.2.0' ]
499 silly lockFile 9da6da20-stringify-2-2-0 stringify@2.2.0
500 verbose lock stringify@2.2.0 /Users/jibestreamdeveloper/.npm/9da6da20-stringify-2-2-0.lock
501 silly lockFile 349ea7c8-rg-stringify-stringify-2-2-0-tgz https://registry.npmjs.org/stringify/-/stringify-2.2.0.tgz
502 verbose lock https://registry.npmjs.org/stringify/-/stringify-2.2.0.tgz /Users/jibestreamdeveloper/.npm/349ea7c8-rg-stringify-stringify-2-2-0-tgz.lock
503 verbose addRemoteTarball [ 'https://registry.npmjs.org/stringify/-/stringify-2.2.0.tgz',
503 verbose addRemoteTarball   'f49034c22c9fdf257d2a8c7faea066a83ac72c1d' ]
504 info retry fetch attempt 1 at 10:49:16
505 verbose fetch to= /var/folders/g6/1p980pp13dxc7mbx43zjph3m0000gp/T/npm-1878-mnmyvl9V/registry.npmjs.org/stringify/-/stringify-2.2.0.tgz
506 http GET https://registry.npmjs.org/stringify/-/stringify-2.2.0.tgz
507 http 200 https://registry.npmjs.org/gulp-jshint
508 silly registry.get cb [ 200,
508 silly registry.get   { date: 'Thu, 23 Oct 2014 17:49:15 GMT',
508 silly registry.get     server: 'CouchDB/1.5.0 (Erlang OTP/R16B03)',
508 silly registry.get     etag: '"44C7CJZDY5PDIRUKNBDYS94SD"',
508 silly registry.get     'content-type': 'application/json',
508 silly registry.get     'cache-control': 'max-age=60',
508 silly registry.get     'content-length': '49116',
508 silly registry.get     'accept-ranges': 'bytes',
508 silly registry.get     via: '1.1 varnish',
508 silly registry.get     age: '15',
508 silly registry.get     'x-served-by': 'cache-sjc3134-SJC',
508 silly registry.get     'x-cache': 'HIT',
508 silly registry.get     'x-cache-hits': '1',
508 silly registry.get     'x-timer': 'S1414086555.254641,VS0,VE0',
508 silly registry.get     vary: 'Accept',
508 silly registry.get     'keep-alive': 'timeout=10, max=48',
508 silly registry.get     connection: 'Keep-Alive' } ]
509 verbose addNamed [ 'gulp-jshint', '1.8.5' ]
510 verbose addNamed [ '1.8.5', '1.8.5' ]
511 silly lockFile 60bc8136-gulp-jshint-1-8-5 gulp-jshint@1.8.5
512 verbose lock gulp-jshint@1.8.5 /Users/jibestreamdeveloper/.npm/60bc8136-gulp-jshint-1-8-5.lock
513 silly lockFile 28d99ab9-ulp-jshint-gulp-jshint-1-8-5-tgz https://registry.npmjs.org/gulp-jshint/-/gulp-jshint-1.8.5.tgz
514 verbose lock https://registry.npmjs.org/gulp-jshint/-/gulp-jshint-1.8.5.tgz /Users/jibestreamdeveloper/.npm/28d99ab9-ulp-jshint-gulp-jshint-1-8-5-tgz.lock
515 verbose addRemoteTarball [ 'https://registry.npmjs.org/gulp-jshint/-/gulp-jshint-1.8.5.tgz',
515 verbose addRemoteTarball   'c625a9167cb4a95048bc8ce3976f2531cc1873b2' ]
516 info retry fetch attempt 1 at 10:49:17
517 verbose fetch to= /var/folders/g6/1p980pp13dxc7mbx43zjph3m0000gp/T/npm-1878-mnmyvl9V/registry.npmjs.org/gulp-jshint/-/gulp-jshint-1.8.5.tgz
518 http GET https://registry.npmjs.org/gulp-jshint/-/gulp-jshint-1.8.5.tgz
519 http 200 https://registry.npmjs.org/gulp
520 silly registry.get cb [ 200,
520 silly registry.get   { date: 'Thu, 23 Oct 2014 17:49:13 GMT',
520 silly registry.get     server: 'CouchDB/1.5.0 (Erlang OTP/R16B03)',
520 silly registry.get     etag: '"710UGZ66PSIGCV0ECY96OPK3C"',
520 silly registry.get     'content-type': 'application/json',
520 silly registry.get     'cache-control': 'max-age=60',
520 silly registry.get     'content-length': '93251',
520 silly registry.get     'accept-ranges': 'bytes',
520 silly registry.get     via: '1.1 varnish',
520 silly registry.get     age: '40',
520 silly registry.get     'x-served-by': 'cache-sjc3127-SJC',
520 silly registry.get     'x-cache': 'HIT',
520 silly registry.get     'x-cache-hits': '1',
520 silly registry.get     'x-timer': 'S1414086553.174512,VS0,VE0',
520 silly registry.get     vary: 'Accept',
520 silly registry.get     'keep-alive': 'timeout=10, max=50',
520 silly registry.get     connection: 'Keep-Alive' } ]
521 verbose addNamed [ 'gulp', '3.8.9' ]
522 verbose addNamed [ '3.8.9', '3.8.9' ]
523 silly lockFile 8cc6e613-gulp-3-8-9 gulp@3.8.9
524 verbose lock gulp@3.8.9 /Users/jibestreamdeveloper/.npm/8cc6e613-gulp-3-8-9.lock
525 silly lockFile 566182be-ry-npmjs-org-gulp-gulp-3-8-9-tgz https://registry.npmjs.org/gulp/-/gulp-3.8.9.tgz
526 verbose lock https://registry.npmjs.org/gulp/-/gulp-3.8.9.tgz /Users/jibestreamdeveloper/.npm/566182be-ry-npmjs-org-gulp-gulp-3-8-9-tgz.lock
527 verbose addRemoteTarball [ 'https://registry.npmjs.org/gulp/-/gulp-3.8.9.tgz',
527 verbose addRemoteTarball   '90773dc79cb0b3087e5443c695b0f5a21548ccce' ]
528 info retry fetch attempt 1 at 10:49:17
529 verbose fetch to= /var/folders/g6/1p980pp13dxc7mbx43zjph3m0000gp/T/npm-1878-mnmyvl9V/registry.npmjs.org/gulp/-/gulp-3.8.9.tgz
530 http GET https://registry.npmjs.org/gulp/-/gulp-3.8.9.tgz
531 http 200 https://registry.npmjs.org/stringify/-/stringify-2.2.0.tgz
532 silly lockFile 86ce1ad4-ulp-concat-gulp-concat-2-4-1-tgz https://registry.npmjs.org/gulp-concat/-/gulp-concat-2.4.1.tgz
533 silly lockFile 86ce1ad4-ulp-concat-gulp-concat-2-4-1-tgz https://registry.npmjs.org/gulp-concat/-/gulp-concat-2.4.1.tgz
534 silly lockFile 248ae42e-gulp-concat-2-4-1 gulp-concat@2.4.1
535 silly lockFile 248ae42e-gulp-concat-2-4-1 gulp-concat@2.4.1
536 silly lockFile 8bbbbeeb-gulp-concat-latest gulp-concat@latest
537 silly lockFile 8bbbbeeb-gulp-concat-latest gulp-concat@latest
538 http 200 https://registry.npmjs.org/gulp-plumber/-/gulp-plumber-0.6.6.tgz
539 silly lockFile 349ea7c8-rg-stringify-stringify-2-2-0-tgz https://registry.npmjs.org/stringify/-/stringify-2.2.0.tgz
540 silly lockFile 349ea7c8-rg-stringify-stringify-2-2-0-tgz https://registry.npmjs.org/stringify/-/stringify-2.2.0.tgz
541 silly lockFile 9da6da20-stringify-2-2-0 stringify@2.2.0
542 silly lockFile 9da6da20-stringify-2-2-0 stringify@2.2.0
543 silly lockFile 94f84e42-stringify-latest stringify@latest
544 silly lockFile 94f84e42-stringify-latest stringify@latest
545 silly lockFile e00d0f4e-p-plumber-gulp-plumber-0-6-6-tgz https://registry.npmjs.org/gulp-plumber/-/gulp-plumber-0.6.6.tgz
546 silly lockFile e00d0f4e-p-plumber-gulp-plumber-0-6-6-tgz https://registry.npmjs.org/gulp-plumber/-/gulp-plumber-0.6.6.tgz
547 silly lockFile 696516d0-gulp-plumber-0-6-6 gulp-plumber@0.6.6
548 silly lockFile 696516d0-gulp-plumber-0-6-6 gulp-plumber@0.6.6
549 silly lockFile f4956560-gulp-plumber-latest gulp-plumber@latest
550 silly lockFile f4956560-gulp-plumber-latest gulp-plumber@latest
551 http 200 https://registry.npmjs.org/gulp/-/gulp-3.8.9.tgz
552 http 200 https://registry.npmjs.org/gulp-livereload
553 silly registry.get cb [ 200,
553 silly registry.get   { date: 'Thu, 23 Oct 2014 17:49:17 GMT',
553 silly registry.get     server: 'CouchDB/1.5.0 (Erlang OTP/R16B03)',
553 silly registry.get     etag: '"6WNA17NDD9RCGN9P2YT8ZR3DR"',
553 silly registry.get     'content-type': 'application/json',
553 silly registry.get     'cache-control': 'max-age=60',
553 silly registry.get     'content-length': '21348',
553 silly registry.get     'accept-ranges': 'bytes',
553 silly registry.get     via: '1.1 varnish',
553 silly registry.get     age: '7',
553 silly registry.get     'x-served-by': 'cache-sjc3134-SJC',
553 silly registry.get     'x-cache': 'HIT',
553 silly registry.get     'x-cache-hits': '1',
553 silly registry.get     'x-timer': 'S1414086557.592209,VS0,VE0',
553 silly registry.get     vary: 'Accept',
553 silly registry.get     'keep-alive': 'timeout=10, max=47',
553 silly registry.get     connection: 'Keep-Alive' } ]
554 verbose addNamed [ 'gulp-livereload', '2.1.1' ]
555 verbose addNamed [ '2.1.1', '2.1.1' ]
556 silly lockFile e881b615-gulp-livereload-2-1-1 gulp-livereload@2.1.1
557 verbose lock gulp-livereload@2.1.1 /Users/jibestreamdeveloper/.npm/e881b615-gulp-livereload-2-1-1.lock
558 silly lockFile 854919d4-reload-gulp-livereload-2-1-1-tgz https://registry.npmjs.org/gulp-livereload/-/gulp-livereload-2.1.1.tgz
559 verbose lock https://registry.npmjs.org/gulp-livereload/-/gulp-livereload-2.1.1.tgz /Users/jibestreamdeveloper/.npm/854919d4-reload-gulp-livereload-2-1-1-tgz.lock
560 verbose addRemoteTarball [ 'https://registry.npmjs.org/gulp-livereload/-/gulp-livereload-2.1.1.tgz',
560 verbose addRemoteTarball   'e47f4c71e96b40dbfc13521d287bad8e23f6559e' ]
561 info retry fetch attempt 1 at 10:49:18
562 verbose fetch to= /var/folders/g6/1p980pp13dxc7mbx43zjph3m0000gp/T/npm-1878-mnmyvl9V/registry.npmjs.org/gulp-livereload/-/gulp-livereload-2.1.1.tgz
563 http GET https://registry.npmjs.org/gulp-livereload/-/gulp-livereload-2.1.1.tgz
564 http 200 https://registry.npmjs.org/gulp-notify
565 silly registry.get cb [ 200,
565 silly registry.get   { date: 'Thu, 23 Oct 2014 17:49:15 GMT',
565 silly registry.get     server: 'CouchDB/1.5.0 (Erlang OTP/R16B03)',
565 silly registry.get     etag: '"PVHNP1VEMX91WQI1F49BIFGT"',
565 silly registry.get     'content-type': 'application/json',
565 silly registry.get     'cache-control': 'max-age=60',
565 silly registry.get     'content-length': '70007',
565 silly registry.get     'accept-ranges': 'bytes',
565 silly registry.get     via: '1.1 varnish',
565 silly registry.get     age: '37',
565 silly registry.get     'x-served-by': 'cache-sjc3134-SJC',
565 silly registry.get     'x-cache': 'HIT',
565 silly registry.get     'x-cache-hits': '1',
565 silly registry.get     'x-timer': 'S1414086555.369694,VS0,VE0',
565 silly registry.get     vary: 'Accept',
565 silly registry.get     'keep-alive': 'timeout=10, max=45',
565 silly registry.get     connection: 'Keep-Alive' } ]
566 verbose addNamed [ 'gulp-notify', '2.0.0' ]
567 verbose addNamed [ '2.0.0', '2.0.0' ]
568 silly lockFile 7975f324-gulp-notify-2-0-0 gulp-notify@2.0.0
569 verbose lock gulp-notify@2.0.0 /Users/jibestreamdeveloper/.npm/7975f324-gulp-notify-2-0-0.lock
570 silly lockFile fb463b86-ulp-notify-gulp-notify-2-0-0-tgz https://registry.npmjs.org/gulp-notify/-/gulp-notify-2.0.0.tgz
571 verbose lock https://registry.npmjs.org/gulp-notify/-/gulp-notify-2.0.0.tgz /Users/jibestreamdeveloper/.npm/fb463b86-ulp-notify-gulp-notify-2-0-0-tgz.lock
572 verbose addRemoteTarball [ 'https://registry.npmjs.org/gulp-notify/-/gulp-notify-2.0.0.tgz',
572 verbose addRemoteTarball   '5941e8af15c97ab29f4637141635a8c3a834d131' ]
573 info retry fetch attempt 1 at 10:49:18
574 verbose fetch to= /var/folders/g6/1p980pp13dxc7mbx43zjph3m0000gp/T/npm-1878-mnmyvl9V/registry.npmjs.org/gulp-notify/-/gulp-notify-2.0.0.tgz
575 http GET https://registry.npmjs.org/gulp-notify/-/gulp-notify-2.0.0.tgz
576 http 200 https://registry.npmjs.org/gulp-livereload/-/gulp-livereload-2.1.1.tgz
577 http 200 https://registry.npmjs.org/gulp-jshint/-/gulp-jshint-1.8.5.tgz
578 silly lockFile 566182be-ry-npmjs-org-gulp-gulp-3-8-9-tgz https://registry.npmjs.org/gulp/-/gulp-3.8.9.tgz
579 silly lockFile 566182be-ry-npmjs-org-gulp-gulp-3-8-9-tgz https://registry.npmjs.org/gulp/-/gulp-3.8.9.tgz
580 silly lockFile 8cc6e613-gulp-3-8-9 gulp@3.8.9
581 silly lockFile 8cc6e613-gulp-3-8-9 gulp@3.8.9
582 silly lockFile 429e12c1-gulp-latest gulp@latest
583 silly lockFile 429e12c1-gulp-latest gulp@latest
584 silly lockFile 28d99ab9-ulp-jshint-gulp-jshint-1-8-5-tgz https://registry.npmjs.org/gulp-jshint/-/gulp-jshint-1.8.5.tgz
585 silly lockFile 28d99ab9-ulp-jshint-gulp-jshint-1-8-5-tgz https://registry.npmjs.org/gulp-jshint/-/gulp-jshint-1.8.5.tgz
586 silly lockFile 60bc8136-gulp-jshint-1-8-5 gulp-jshint@1.8.5
587 silly lockFile 60bc8136-gulp-jshint-1-8-5 gulp-jshint@1.8.5
588 silly lockFile 9d0b7375-gulp-jshint-latest gulp-jshint@latest
589 silly lockFile 9d0b7375-gulp-jshint-latest gulp-jshint@latest
590 silly lockFile 854919d4-reload-gulp-livereload-2-1-1-tgz https://registry.npmjs.org/gulp-livereload/-/gulp-livereload-2.1.1.tgz
591 silly lockFile 854919d4-reload-gulp-livereload-2-1-1-tgz https://registry.npmjs.org/gulp-livereload/-/gulp-livereload-2.1.1.tgz
592 silly lockFile e881b615-gulp-livereload-2-1-1 gulp-livereload@2.1.1
593 silly lockFile e881b615-gulp-livereload-2-1-1 gulp-livereload@2.1.1
594 silly lockFile 7a35b16c-gulp-livereload-latest gulp-livereload@latest
595 silly lockFile 7a35b16c-gulp-livereload-latest gulp-livereload@latest
596 http 200 https://registry.npmjs.org/jshint-stylish
597 silly registry.get cb [ 200,
597 silly registry.get   { date: 'Thu, 23 Oct 2014 17:49:17 GMT',
597 silly registry.get     server: 'CouchDB/1.5.0 (Erlang OTP/R16B03)',
597 silly registry.get     etag: '"D902ETO03GQR09PMS031VFXBB"',
597 silly registry.get     'content-type': 'application/json',
597 silly registry.get     'cache-control': 'max-age=60',
597 silly registry.get     'content-length': '13580',
597 silly registry.get     'accept-ranges': 'bytes',
597 silly registry.get     via: '1.1 varnish',
597 silly registry.get     age: '30',
597 silly registry.get     'x-served-by': 'cache-sjc3131-SJC',
597 silly registry.get     'x-cache': 'HIT',
597 silly registry.get     'x-cache-hits': '1',
597 silly registry.get     'x-timer': 'S1414086557.366629,VS0,VE0',
597 silly registry.get     vary: 'Accept',
597 silly registry.get     'keep-alive': 'timeout=10, max=47',
597 silly registry.get     connection: 'Keep-Alive' } ]
598 verbose addNamed [ 'jshint-stylish', '1.0.0' ]
599 verbose addNamed [ '1.0.0', '1.0.0' ]
600 silly lockFile 52e6bf97-jshint-stylish-1-0-0 jshint-stylish@1.0.0
601 verbose lock jshint-stylish@1.0.0 /Users/jibestreamdeveloper/.npm/52e6bf97-jshint-stylish-1-0-0.lock
602 silly lockFile 1fe215f4-stylish-jshint-stylish-1-0-0-tgz https://registry.npmjs.org/jshint-stylish/-/jshint-stylish-1.0.0.tgz
603 verbose lock https://registry.npmjs.org/jshint-stylish/-/jshint-stylish-1.0.0.tgz /Users/jibestreamdeveloper/.npm/1fe215f4-stylish-jshint-stylish-1-0-0-tgz.lock
604 verbose addRemoteTarball [ 'https://registry.npmjs.org/jshint-stylish/-/jshint-stylish-1.0.0.tgz',
604 verbose addRemoteTarball   'bae26bfe4f4eebe45c327ae1ef823aef46c0f5d9' ]
605 info retry fetch attempt 1 at 10:49:19
606 verbose fetch to= /var/folders/g6/1p980pp13dxc7mbx43zjph3m0000gp/T/npm-1878-mnmyvl9V/registry.npmjs.org/jshint-stylish/-/jshint-stylish-1.0.0.tgz
607 http GET https://registry.npmjs.org/jshint-stylish/-/jshint-stylish-1.0.0.tgz
608 http 200 https://registry.npmjs.org/gulp-notify/-/gulp-notify-2.0.0.tgz
609 http 200 https://registry.npmjs.org/jshint-stylish/-/jshint-stylish-1.0.0.tgz
610 silly lockFile 1fe215f4-stylish-jshint-stylish-1-0-0-tgz https://registry.npmjs.org/jshint-stylish/-/jshint-stylish-1.0.0.tgz
611 silly lockFile 1fe215f4-stylish-jshint-stylish-1-0-0-tgz https://registry.npmjs.org/jshint-stylish/-/jshint-stylish-1.0.0.tgz
612 silly lockFile 52e6bf97-jshint-stylish-1-0-0 jshint-stylish@1.0.0
613 silly lockFile 52e6bf97-jshint-stylish-1-0-0 jshint-stylish@1.0.0
614 silly lockFile efa514d8-jshint-stylish-latest jshint-stylish@latest
615 silly lockFile efa514d8-jshint-stylish-latest jshint-stylish@latest
616 http 200 https://registry.npmjs.org/gulp-watch
617 silly registry.get cb [ 200,
617 silly registry.get   { date: 'Thu, 23 Oct 2014 17:49:17 GMT',
617 silly registry.get     server: 'CouchDB/1.5.0 (Erlang OTP/R16B03)',
617 silly registry.get     etag: '"DJL599Q4JP08W5TUSTG6S05JF"',
617 silly registry.get     'content-type': 'application/json',
617 silly registry.get     'cache-control': 'max-age=60',
617 silly registry.get     'content-length': '78032',
617 silly registry.get     'accept-ranges': 'bytes',
617 silly registry.get     via: '1.1 varnish',
617 silly registry.get     age: '58',
617 silly registry.get     'x-served-by': 'cache-sjc3127-SJC',
617 silly registry.get     'x-cache': 'HIT',
617 silly registry.get     'x-cache-hits': '1',
617 silly registry.get     'x-timer': 'S1414086557.779381,VS0,VE0',
617 silly registry.get     vary: 'Accept',
617 silly registry.get     'keep-alive': 'timeout=10, max=49',
617 silly registry.get     connection: 'Keep-Alive' } ]
618 verbose addNamed [ 'gulp-watch', '1.1.0' ]
619 verbose addNamed [ '1.1.0', '1.1.0' ]
620 silly lockFile d30b4ac4-gulp-watch-1-1-0 gulp-watch@1.1.0
621 verbose lock gulp-watch@1.1.0 /Users/jibestreamdeveloper/.npm/d30b4ac4-gulp-watch-1-1-0.lock
622 silly lockFile c8dd6a6c--gulp-watch-gulp-watch-1-1-0-tgz https://registry.npmjs.org/gulp-watch/-/gulp-watch-1.1.0.tgz
623 verbose lock https://registry.npmjs.org/gulp-watch/-/gulp-watch-1.1.0.tgz /Users/jibestreamdeveloper/.npm/c8dd6a6c--gulp-watch-gulp-watch-1-1-0-tgz.lock
624 verbose addRemoteTarball [ 'https://registry.npmjs.org/gulp-watch/-/gulp-watch-1.1.0.tgz',
624 verbose addRemoteTarball   '65c02e5778c67b64c3a466105d7d7096e653d568' ]
625 info retry fetch attempt 1 at 10:49:20
626 verbose fetch to= /var/folders/g6/1p980pp13dxc7mbx43zjph3m0000gp/T/npm-1878-mnmyvl9V/registry.npmjs.org/gulp-watch/-/gulp-watch-1.1.0.tgz
627 http GET https://registry.npmjs.org/gulp-watch/-/gulp-watch-1.1.0.tgz
628 http 200 https://registry.npmjs.org/gulp-watch/-/gulp-watch-1.1.0.tgz
629 silly lockFile c8dd6a6c--gulp-watch-gulp-watch-1-1-0-tgz https://registry.npmjs.org/gulp-watch/-/gulp-watch-1.1.0.tgz
630 silly lockFile c8dd6a6c--gulp-watch-gulp-watch-1-1-0-tgz https://registry.npmjs.org/gulp-watch/-/gulp-watch-1.1.0.tgz
631 silly lockFile d30b4ac4-gulp-watch-1-1-0 gulp-watch@1.1.0
632 silly lockFile d30b4ac4-gulp-watch-1-1-0 gulp-watch@1.1.0
633 silly lockFile d6f2dcb7-gulp-watch-latest gulp-watch@latest
634 silly lockFile d6f2dcb7-gulp-watch-latest gulp-watch@latest
635 silly lockFile fb463b86-ulp-notify-gulp-notify-2-0-0-tgz https://registry.npmjs.org/gulp-notify/-/gulp-notify-2.0.0.tgz
636 silly lockFile fb463b86-ulp-notify-gulp-notify-2-0-0-tgz https://registry.npmjs.org/gulp-notify/-/gulp-notify-2.0.0.tgz
637 silly lockFile 7975f324-gulp-notify-2-0-0 gulp-notify@2.0.0
638 silly lockFile 7975f324-gulp-notify-2-0-0 gulp-notify@2.0.0
639 silly lockFile ed66d455-gulp-notify-latest gulp-notify@latest
640 silly lockFile ed66d455-gulp-notify-latest gulp-notify@latest
641 http 200 https://registry.npmjs.org/express
642 silly registry.get cb [ 200,
642 silly registry.get   { date: 'Thu, 23 Oct 2014 17:49:12 GMT',
642 silly registry.get     server: 'CouchDB/1.5.0 (Erlang OTP/R14B04)',
642 silly registry.get     etag: '"35JSQ42AVLPKA3UBRSX3ZYDAJ"',
642 silly registry.get     'content-type': 'application/json',
642 silly registry.get     'cache-control': 'max-age=60',
642 silly registry.get     'content-length': '403226',
642 silly registry.get     'accept-ranges': 'bytes',
642 silly registry.get     via: '1.1 varnish',
642 silly registry.get     age: '8',
642 silly registry.get     'x-served-by': 'cache-sjc3125-SJC',
642 silly registry.get     'x-cache': 'HIT',
642 silly registry.get     'x-cache-hits': '1',
642 silly registry.get     'x-timer': 'S1414086552.828148,VS0,VE1',
642 silly registry.get     vary: 'Accept',
642 silly registry.get     'keep-alive': 'timeout=10, max=50',
642 silly registry.get     connection: 'Keep-Alive' } ]
643 silly addNameRange number 2 { name: 'express', range: '>=3.4.0-0 <3.5.0-0', hasData: true }
644 silly addNameRange versions [ 'express',
644 silly addNameRange   [ '0.14.0',
644 silly addNameRange     '0.14.1',
644 silly addNameRange     '1.0.0',
644 silly addNameRange     '1.0.1',
644 silly addNameRange     '1.0.2',
644 silly addNameRange     '1.0.3',
644 silly addNameRange     '1.0.4',
644 silly addNameRange     '1.0.5',
644 silly addNameRange     '1.0.6',
644 silly addNameRange     '1.0.7',
644 silly addNameRange     '1.0.8',
644 silly addNameRange     '2.0.0',
644 silly addNameRange     '2.1.0',
644 silly addNameRange     '2.1.1',
644 silly addNameRange     '2.2.0',
644 silly addNameRange     '2.2.1',
644 silly addNameRange     '2.2.2',
644 silly addNameRange     '2.3.0',
644 silly addNameRange     '2.3.1',
644 silly addNameRange     '2.3.2',
644 silly addNameRange     '2.3.3',
644 silly addNameRange     '2.3.4',
644 silly addNameRange     '2.3.5',
644 silly addNameRange     '2.3.6',
644 silly addNameRange     '2.3.7',
644 silly addNameRange     '2.3.8',
644 silly addNameRange     '2.3.9',
644 silly addNameRange     '2.3.10',
644 silly addNameRange     '2.3.11',
644 silly addNameRange     '2.3.12',
644 silly addNameRange     '2.4.0',
644 silly addNameRange     '2.4.1',
644 silly addNameRange     '2.4.2',
644 silly addNameRange     '2.4.3',
644 silly addNameRange     '2.4.4',
644 silly addNameRange     '2.4.5',
644 silly addNameRange     '2.4.6',
644 silly addNameRange     '2.4.7',
644 silly addNameRange     '2.5.0',
644 silly addNameRange     '2.5.1',
644 silly addNameRange     '2.5.2',
644 silly addNameRange     '2.5.3',
644 silly addNameRange     '2.5.4',
644 silly addNameRange     '2.5.5',
644 silly addNameRange     '2.5.6',
644 silly addNameRange     '2.5.7',
644 silly addNameRange     '2.5.8',
644 silly addNameRange     '2.5.9',
644 silly addNameRange     '2.5.10',
644 silly addNameRange     '2.5.11',
644 silly addNameRange     '3.0.0',
644 silly addNameRange     '3.0.1',
644 silly addNameRange     '3.0.2',
644 silly addNameRange     '3.0.3',
644 silly addNameRange     '3.0.4',
644 silly addNameRange     '3.0.5',
644 silly addNameRange     '3.0.6',
644 silly addNameRange     '3.1.0',
644 silly addNameRange     '3.1.1',
644 silly addNameRange     '3.1.2',
644 silly addNameRange     '3.2.0',
644 silly addNameRange     '3.2.1',
644 silly addNameRange     '3.2.2',
644 silly addNameRange     '3.2.3',
644 silly addNameRange     '3.2.4',
644 silly addNameRange     '3.2.5',
644 silly addNameRange     '3.2.6',
644 silly addNameRange     '3.3.0',
644 silly addNameRange     '3.3.1',
644 silly addNameRange     '3.3.2',
644 silly addNameRange     '3.3.3',
644 silly addNameRange     '3.3.4',
644 silly addNameRange     '3.3.5',
644 silly addNameRange     '3.3.6',
644 silly addNameRange     '1.0.0-beta',
644 silly addNameRange     '1.0.0-beta2',
644 silly addNameRange     '1.0.0-rc',
644 silly addNameRange     '1.0.0-rc2',
644 silly addNameRange     '1.0.0-rc3',
644 silly addNameRange     '1.0.0-rc4',
644 silly addNameRange     '2.0.0-beta',
644 silly addNameRange     '2.0.0-beta2',
644 silly addNameRange     '2.0.0-beta3',
644 silly addNameRange     '2.0.0-rc',
644 silly addNameRange     '2.0.0-rc2',
644 silly addNameRange     '2.0.0-rc3',
644 silly addNameRange     '3.0.0-alpha1',
644 silly addNameRange     '3.0.0-alpha2',
644 silly addNameRange     '3.0.0-alpha3',
644 silly addNameRange     '3.0.0-alpha4',
644 silly addNameRange     '3.0.0-alpha5',
644 silly addNameRange     '3.0.0-beta1',
644 silly addNameRange     '3.0.0-beta2',
644 silly addNameRange     '3.0.0-beta3',
644 silly addNameRange     '3.0.0-beta4',
644 silly addNameRange     '3.0.0-beta6',
644 silly addNameRange     '3.0.0-beta7',
644 silly addNameRange     '3.0.0-rc1',
644 silly addNameRange     '3.0.0-rc2',
644 silly addNameRange     '3.0.0-rc3',
644 silly addNameRange     '3.0.0-rc4',
644 silly addNameRange     '3.0.0-rc5',
644 silly addNameRange     '3.3.7',
644 silly addNameRange     '3.3.8',
644 silly addNameRange     '3.4.0',
644 silly addNameRange     '3.4.1',
644 silly addNameRange     '3.4.2',
644 silly addNameRange     '3.4.3',
644 silly addNameRange     '3.4.4',
644 silly addNameRange     '3.4.5',
644 silly addNameRange     '3.4.6',
644 silly addNameRange     '3.4.7',
644 silly addNameRange     '3.4.8',
644 silly addNameRange     '4.0.0-rc1',
644 silly addNameRange     '4.0.0-rc2',
644 silly addNameRange     '3.5.0',
644 silly addNameRange     '4.0.0-rc3',
644 silly addNameRange     '4.0.0-rc4',
644 silly addNameRange     '3.5.1',
644 silly addNameRange     '4.0.0',
644 silly addNameRange     '3.5.2',
644 silly addNameRange     '4.1.0',
644 silly addNameRange     '4.1.1',
644 silly addNameRange     '3.5.3',
644 silly addNameRange     '4.1.2',
644 silly addNameRange     '3.6.0',
644 silly addNameRange     '4.2.0',
644 silly addNameRange     '3.7.0',
644 silly addNameRange     '3.8.0',
644 silly addNameRange     '4.3.0',
644 silly addNameRange     '4.3.1',
644 silly addNameRange     '3.8.1',
644 silly addNameRange     '4.3.2',
644 silly addNameRange     '3.9.0',
644 silly addNameRange     '4.4.0',
644 silly addNameRange     '4.4.1',
644 silly addNameRange     '3.10.0',
644 silly addNameRange     '3.10.1',
644 silly addNameRange     '3.10.2',
644 silly addNameRange     '3.10.3',
644 silly addNameRange     '3.10.4',
644 silly addNameRange     '4.4.2',
644 silly addNameRange     '3.10.5',
644 silly addNameRange     '4.4.3',
644 silly addNameRange     '3.11.0',
644 silly addNameRange     '4.4.4',
644 silly addNameRange     '3.12.0',
644 silly addNameRange     '3.12.1',
644 silly addNameRange     '4.4.5',
644 silly addNameRange     '3.13.0',
644 silly addNameRange     '4.5.0',
644 silly addNameRange     '4.5.1',
644 silly addNameRange     '3.14.0',
644 silly addNameRange     '4.6.0',
644 silly addNameRange     '4.6.1',
644 silly addNameRange     '3.15.0',
644 silly addNameRange     '4.7.0',
644 silly addNameRange     '3.15.1',
644 silly addNameRange     '4.7.1',
644 silly addNameRange     '3.15.2',
644 silly addNameRange     '4.7.2',
644 silly addNameRange     '4.7.3',
644 silly addNameRange     '3.15.3',
644 silly addNameRange     '4.7.4',
644 silly addNameRange     '3.16.0',
644 silly addNameRange     '4.8.0',
644 silly addNameRange     '3.16.1',
644 silly addNameRange     '4.8.1',
644 silly addNameRange     '3.16.2',
644 silly addNameRange     '4.8.2',
644 silly addNameRange     '3.16.3',
644 silly addNameRange     '3.16.4',
644 silly addNameRange     '4.8.3',
644 silly addNameRange     '3.16.5',
644 silly addNameRange     '3.16.6',
644 silly addNameRange     '4.8.4',
644 silly addNameRange     '3.16.7',
644 silly addNameRange     '4.8.5',
644 silly addNameRange     '3.16.8',
644 silly addNameRange     '4.8.6',
644 silly addNameRange     '3.16.9',
644 silly addNameRange     '4.8.7',
644 silly addNameRange     '3.16.10',
644 silly addNameRange     '4.8.8',
644 silly addNameRange     '3.17.0',
644 silly addNameRange     '3.17.1',
644 silly addNameRange     '4.9.0',
644 silly addNameRange     '3.17.2',
644 silly addNameRange     '4.9.1',
644 silly addNameRange     '4.9.2',
644 silly addNameRange     '3.17.3',
644 silly addNameRange     '4.9.3',
644 silly addNameRange     '3.17.4',
644 silly addNameRange     '4.9.4',
644 silly addNameRange     '3.17.5',
644 silly addNameRange     '4.9.5',
644 silly addNameRange     '3.17.6',
644 silly addNameRange     '3.17.7',
644 silly addNameRange     '4.9.6',
644 silly addNameRange     '4.9.7',
644 silly addNameRange     '3.17.8',
644 silly addNameRange     '4.9.8',
644 silly addNameRange     '3.18.0',
644 silly addNameRange     '3.18.1' ] ]
645 verbose addNamed [ 'express', '3.4.8' ]
646 verbose addNamed [ '3.4.8', '3.4.8' ]
647 silly lockFile 15cb8528-express-3-4-8 express@3.4.8
648 verbose lock express@3.4.8 /Users/jibestreamdeveloper/.npm/15cb8528-express-3-4-8.lock
649 silly lockFile 72227381-js-org-express-express-3-4-8-tgz https://registry.npmjs.org/express/-/express-3.4.8.tgz
650 verbose lock https://registry.npmjs.org/express/-/express-3.4.8.tgz /Users/jibestreamdeveloper/.npm/72227381-js-org-express-express-3-4-8-tgz.lock
651 verbose addRemoteTarball [ 'https://registry.npmjs.org/express/-/express-3.4.8.tgz',
651 verbose addRemoteTarball   'aa7a8986de07053337f4bc5ed9a6453d9cc8e2e1' ]
652 info retry fetch attempt 1 at 10:49:22
653 verbose fetch to= /var/folders/g6/1p980pp13dxc7mbx43zjph3m0000gp/T/npm-1878-mnmyvl9V/registry.npmjs.org/express/-/express-3.4.8.tgz
654 http GET https://registry.npmjs.org/express/-/express-3.4.8.tgz
655 http 200 https://registry.npmjs.org/express/-/express-3.4.8.tgz
656 silly lockFile 72227381-js-org-express-express-3-4-8-tgz https://registry.npmjs.org/express/-/express-3.4.8.tgz
657 silly lockFile 72227381-js-org-express-express-3-4-8-tgz https://registry.npmjs.org/express/-/express-3.4.8.tgz
658 silly lockFile 15cb8528-express-3-4-8 express@3.4.8
659 silly lockFile 15cb8528-express-3-4-8 express@3.4.8
660 silly lockFile eb92af77-express-3-4-x express@~3.4.x
661 silly lockFile eb92af77-express-3-4-x express@~3.4.x
662 http 200 https://registry.npmjs.org/browserify
663 silly registry.get cb [ 200,
663 silly registry.get   { date: 'Thu, 23 Oct 2014 17:49:18 GMT',
663 silly registry.get     server: 'CouchDB/1.5.0 (Erlang OTP/R16B03)',
663 silly registry.get     etag: '"B98T3KOZ1JEBJGAH38W5HJGGJ"',
663 silly registry.get     'content-type': 'application/json',
663 silly registry.get     'cache-control': 'max-age=60',
663 silly registry.get     'content-length': '712801',
663 silly registry.get     'accept-ranges': 'bytes',
663 silly registry.get     via: '1.1 varnish',
663 silly registry.get     age: '15',
663 silly registry.get     'x-served-by': 'cache-sjc3134-SJC',
663 silly registry.get     'x-cache': 'HIT',
663 silly registry.get     'x-cache-hits': '7',
663 silly registry.get     'x-timer': 'S1414086558.566216,VS0,VE0',
663 silly registry.get     vary: 'Accept',
663 silly registry.get     'keep-alive': 'timeout=10, max=46',
663 silly registry.get     connection: 'Keep-Alive' } ]
664 verbose addNamed [ 'browserify', '6.1.0' ]
665 verbose addNamed [ '6.1.0', '6.1.0' ]
666 silly lockFile 6124d3ad-browserify-6-1-0 browserify@6.1.0
667 verbose lock browserify@6.1.0 /Users/jibestreamdeveloper/.npm/6124d3ad-browserify-6-1-0.lock
668 silly lockFile 29d62923--browserify-browserify-6-1-0-tgz https://registry.npmjs.org/browserify/-/browserify-6.1.0.tgz
669 verbose lock https://registry.npmjs.org/browserify/-/browserify-6.1.0.tgz /Users/jibestreamdeveloper/.npm/29d62923--browserify-browserify-6-1-0-tgz.lock
670 verbose addRemoteTarball [ 'https://registry.npmjs.org/browserify/-/browserify-6.1.0.tgz',
670 verbose addRemoteTarball   '8da16d98a0be638b5e53d1cd560f7f344d238cdb' ]
671 info retry fetch attempt 1 at 10:49:27
672 verbose fetch to= /var/folders/g6/1p980pp13dxc7mbx43zjph3m0000gp/T/npm-1878-mnmyvl9V/registry.npmjs.org/browserify/-/browserify-6.1.0.tgz
673 http GET https://registry.npmjs.org/browserify/-/browserify-6.1.0.tgz
674 http 200 https://registry.npmjs.org/browserify/-/browserify-6.1.0.tgz
675 silly lockFile 29d62923--browserify-browserify-6-1-0-tgz https://registry.npmjs.org/browserify/-/browserify-6.1.0.tgz
676 silly lockFile 29d62923--browserify-browserify-6-1-0-tgz https://registry.npmjs.org/browserify/-/browserify-6.1.0.tgz
677 silly lockFile 6124d3ad-browserify-6-1-0 browserify@6.1.0
678 silly lockFile 6124d3ad-browserify-6-1-0 browserify@6.1.0
679 silly lockFile 97edd6c9-browserify-latest browserify@latest
680 silly lockFile 97edd6c9-browserify-latest browserify@latest
681 error Error: EACCES, mkdir '/Users/jibestreamdeveloper/.npm/browserify/6.1.0'
681 error  { [Error: EACCES, mkdir '/Users/jibestreamdeveloper/.npm/browserify/6.1.0']
681 error   errno: 3,
681 error   code: 'EACCES',
681 error   path: '/Users/jibestreamdeveloper/.npm/browserify/6.1.0',
681 error   parent: 'wayfinding_prototype' }
682 error Please try running this command again as root/Administrator.
683 error System Darwin 13.4.0
684 error command "node" "/usr/local/bin/npm" "install"
685 error cwd /Users/jibestreamdeveloper/wayfinding_kiosk
686 error node -v v0.10.32
687 error npm -v 1.4.28
688 error path /Users/jibestreamdeveloper/.npm/browserify/6.1.0
689 error code EACCES
690 error errno 3
691 error stack Error: EACCES, mkdir '/Users/jibestreamdeveloper/.npm/browserify/6.1.0'
692 verbose exit [ 3, true ]
